---------------------------------------------------------------
[ 2024-04-02T17:16:58+08:00 ] 0.0.0.0 GET localhost:8888/
[ error ] [0]模板文件不存在:D:\software\phpstudy_pro\WWW\chengyuetp5\public/../application/index\view\index\index.html
---------------------------------------------------------------
[ 2024-04-02T17:17:00+08:00 ] 0.0.0.0 GET localhost:8888/
[ error ] [0]模板文件不存在:D:\software\phpstudy_pro\WWW\chengyuetp5\public/../application/index\view\index\index.html
---------------------------------------------------------------
[ 2024-04-02T17:17:02+08:00 ] 0.0.0.0 GET localhost:8888/
[ error ] [0]模板文件不存在:D:\software\phpstudy_pro\WWW\chengyuetp5\public/../application/index\view\index\index.html
---------------------------------------------------------------
[ 2024-04-02T17:17:32+08:00 ] 0.0.0.0 GET localhost:8888/
[ error ] [0]模板文件不存在:D:\software\phpstudy_pro\WWW\chengyuetp5\public/../application/index\view\index\index.html
---------------------------------------------------------------
[ 2024-04-02T17:18:46+08:00 ] 0.0.0.0 GET localhost:8888/
[ error ] [0]模板文件不存在:D:\software\phpstudy_pro\WWW\chengyuetp5\public/../application/index\view\index\index.html
---------------------------------------------------------------
[ 2024-04-02T17:22:45+08:00 ] 0.0.0.0 GET localhost:8888/
[运行时间：0.015272s] [吞吐率：65.48req/s] [内存消耗：1,527.24kb] [文件加载：34]
[ info ] [ LANG ] D:\software\phpstudy_pro\WWW\chengyuetp5\thinkphp\lang\zh-cn.php
[ info ] [ ROUTE ] array (
  'type' => 'module',
  'module' => 
  array (
    0 => '',
    1 => NULL,
    2 => NULL,
  ),
)
[ info ] [ HEADER ] array (
  'host' => 'localhost:8888',
  'connection' => 'keep-alive',
  'cache-control' => 'max-age=0',
  'sec-ch-ua' => '"Chromium";v="122", "Not(A:Brand";v="24", "Google Chrome";v="122"',
  'sec-ch-ua-mobile' => '?0',
  'sec-ch-ua-platform' => '"Windows"',
  'upgrade-insecure-requests' => '1',
  'user-agent' => 'Mozilla/5.0 (Windows NT 10.0; Win64; x64) AppleWebKit/537.36 (KHTML, like Gecko) Chrome/122.0.0.0 Safari/537.36',
  'accept' => 'text/html,application/xhtml+xml,application/xml;q=0.9,image/avif,image/webp,image/apng,*/*;q=0.8,application/signed-exchange;v=b3;q=0.7',
  'sec-fetch-site' => 'none',
  'sec-fetch-mode' => 'navigate',
  'sec-fetch-user' => '?1',
  'sec-fetch-dest' => 'document',
  'accept-encoding' => 'gzip, deflate, br, zstd',
  'accept-language' => 'zh-CN,zh;q=0.9,sq;q=0.8',
  'cookie' => '_ga=GA1.1.181191000.1701422393; sensorsdata2015jssdkcross=%7B%22distinct_id%22%3A%2218c24ad6add243-0700d7c1a2072a-296e4933-329160-18c24ad6ade548%22%2C%22first_id%22%3A%22%22%2C%22props%22%3A%7B%22%24latest_traffic_source_type%22%3A%22url%E7%9A%84domain%E8%A7%A3%E6%9E%90%E5%A4%B1%E8%B4%A5%22%2C%22%24latest_search_keyword%22%3A%22url%E7%9A%84domain%E8%A7%A3%E6%9E%90%E5%A4%B1%E8%B4%A5%22%2C%22%24latest_referrer%22%3A%22url%E7%9A%84domain%E8%A7%A3%E6%9E%90%E5%A4%B1%E8%B4%A5%22%7D%2C%22identities%22%3A%22eyIkaWRlbnRpdHlfY29va2llX2lkIjoiMThjMjRhZDZhZGQyNDMtMDcwMGQ3YzFhMjA3MmEtMjk2ZTQ5MzMtMzI5MTYwLTE4YzI0YWQ2YWRlNTQ4In0%3D%22%2C%22history_login_id%22%3A%7B%22name%22%3A%22%22%2C%22value%22%3A%22%22%7D%2C%22%24device_id%22%3A%2218c24ad6add243-0700d7c1a2072a-296e4933-329160-18c24ad6ade548%22%7D; __bid_n=18c0fece85060965bac076; evget-_zldp=wu40MeF28%2F9FkGY33FDeWqXYsSHgA7diI%2BI3bC8imgDH8STU%2BKjVbSce1CMH5BQTpRUK595EVd8%3D; firstEnterUrlInSession=http%3A//localhost%3A8888/; Hm_lvt_22321c45e65e66bb8b19b0161e09bf22=1711939005; VisitorCapacity=1; pageReferrInSession=http%3A//localhost%3A8888/; PHPSESSID=71o2gsicmgkuq0i1olbh2q667v; Hm_lpvt_22321c45e65e66bb8b19b0161e09bf22=1712047592; _ga_9N93WSJWZK=GS1.1.1712047582.5.1.1712047599.0.0.0',
)
[ info ] [ PARAM ] array (
)
[ info ] [ RUN ] app\index\controller\Index->index[ D:\software\phpstudy_pro\WWW\chengyuetp5\application\index\controller\Index.php ]
[ info ] [ VIEW ] D:\software\phpstudy_pro\WWW\chengyuetp5\public/../application/index\view\index\index.html [ array (
) ]
[ info ] [ LOG ] INIT File
---------------------------------------------------------------
[ 2024-04-02T17:23:14+08:00 ] 0.0.0.0 GET localhost:8888/
[运行时间：0.018447s] [吞吐率：54.21req/s] [内存消耗：1,577.14kb] [文件加载：36]
[ info ] [ LANG ] D:\software\phpstudy_pro\WWW\chengyuetp5\thinkphp\lang\zh-cn.php
[ info ] [ ROUTE ] array (
  'type' => 'module',
  'module' => 
  array (
    0 => '',
    1 => NULL,
    2 => NULL,
  ),
)
[ info ] [ HEADER ] array (
  'host' => 'localhost:8888',
  'connection' => 'keep-alive',
  'cache-control' => 'max-age=0',
  'sec-ch-ua' => '"Chromium";v="122", "Not(A:Brand";v="24", "Google Chrome";v="122"',
  'sec-ch-ua-mobile' => '?0',
  'sec-ch-ua-platform' => '"Windows"',
  'upgrade-insecure-requests' => '1',
  'user-agent' => 'Mozilla/5.0 (Windows NT 10.0; Win64; x64) AppleWebKit/537.36 (KHTML, like Gecko) Chrome/122.0.0.0 Safari/537.36',
  'accept' => 'text/html,application/xhtml+xml,application/xml;q=0.9,image/avif,image/webp,image/apng,*/*;q=0.8,application/signed-exchange;v=b3;q=0.7',
  'sec-fetch-site' => 'none',
  'sec-fetch-mode' => 'navigate',
  'sec-fetch-user' => '?1',
  'sec-fetch-dest' => 'document',
  'accept-encoding' => 'gzip, deflate, br, zstd',
  'accept-language' => 'zh-CN,zh;q=0.9,sq;q=0.8',
  'cookie' => '_ga=GA1.1.181191000.1701422393; sensorsdata2015jssdkcross=%7B%22distinct_id%22%3A%2218c24ad6add243-0700d7c1a2072a-296e4933-329160-18c24ad6ade548%22%2C%22first_id%22%3A%22%22%2C%22props%22%3A%7B%22%24latest_traffic_source_type%22%3A%22url%E7%9A%84domain%E8%A7%A3%E6%9E%90%E5%A4%B1%E8%B4%A5%22%2C%22%24latest_search_keyword%22%3A%22url%E7%9A%84domain%E8%A7%A3%E6%9E%90%E5%A4%B1%E8%B4%A5%22%2C%22%24latest_referrer%22%3A%22url%E7%9A%84domain%E8%A7%A3%E6%9E%90%E5%A4%B1%E8%B4%A5%22%7D%2C%22identities%22%3A%22eyIkaWRlbnRpdHlfY29va2llX2lkIjoiMThjMjRhZDZhZGQyNDMtMDcwMGQ3YzFhMjA3MmEtMjk2ZTQ5MzMtMzI5MTYwLTE4YzI0YWQ2YWRlNTQ4In0%3D%22%2C%22history_login_id%22%3A%7B%22name%22%3A%22%22%2C%22value%22%3A%22%22%7D%2C%22%24device_id%22%3A%2218c24ad6add243-0700d7c1a2072a-296e4933-329160-18c24ad6ade548%22%7D; __bid_n=18c0fece85060965bac076; evget-_zldp=wu40MeF28%2F9FkGY33FDeWqXYsSHgA7diI%2BI3bC8imgDH8STU%2BKjVbSce1CMH5BQTpRUK595EVd8%3D; firstEnterUrlInSession=http%3A//localhost%3A8888/; Hm_lvt_22321c45e65e66bb8b19b0161e09bf22=1711939005; VisitorCapacity=1; pageReferrInSession=http%3A//localhost%3A8888/; PHPSESSID=71o2gsicmgkuq0i1olbh2q667v; Hm_lpvt_22321c45e65e66bb8b19b0161e09bf22=1712047592; _ga_9N93WSJWZK=GS1.1.1712047582.5.1.1712047599.0.0.0',
)
[ info ] [ PARAM ] array (
)
[ info ] [ RUN ] app\index\controller\Index->index[ D:\software\phpstudy_pro\WWW\chengyuetp5\application\index\controller\Index.php ]
[ info ] [ LOG ] INIT File
[ error ] [0]模板文件不存在:D:\software\phpstudy_pro\WWW\chengyuetp5\public/../application/index\view\index\public.html[D:\software\phpstudy_pro\WWW\chengyuetp5\thinkphp\library\think\view\driver\Think.php:82]
---------------------------------------------------------------
[ 2024-04-02T17:23:41+08:00 ] 0.0.0.0 GET localhost:8888/
[运行时间：0.012568s] [吞吐率：79.57req/s] [内存消耗：1,577.15kb] [文件加载：36]
[ info ] [ LANG ] D:\software\phpstudy_pro\WWW\chengyuetp5\thinkphp\lang\zh-cn.php
[ info ] [ ROUTE ] array (
  'type' => 'module',
  'module' => 
  array (
    0 => '',
    1 => NULL,
    2 => NULL,
  ),
)
[ info ] [ HEADER ] array (
  'host' => 'localhost:8888',
  'connection' => 'keep-alive',
  'cache-control' => 'max-age=0',
  'sec-ch-ua' => '"Chromium";v="122", "Not(A:Brand";v="24", "Google Chrome";v="122"',
  'sec-ch-ua-mobile' => '?0',
  'sec-ch-ua-platform' => '"Windows"',
  'upgrade-insecure-requests' => '1',
  'user-agent' => 'Mozilla/5.0 (Windows NT 10.0; Win64; x64) AppleWebKit/537.36 (KHTML, like Gecko) Chrome/122.0.0.0 Safari/537.36',
  'accept' => 'text/html,application/xhtml+xml,application/xml;q=0.9,image/avif,image/webp,image/apng,*/*;q=0.8,application/signed-exchange;v=b3;q=0.7',
  'sec-fetch-site' => 'none',
  'sec-fetch-mode' => 'navigate',
  'sec-fetch-user' => '?1',
  'sec-fetch-dest' => 'document',
  'accept-encoding' => 'gzip, deflate, br, zstd',
  'accept-language' => 'zh-CN,zh;q=0.9,sq;q=0.8',
  'cookie' => '_ga=GA1.1.181191000.1701422393; sensorsdata2015jssdkcross=%7B%22distinct_id%22%3A%2218c24ad6add243-0700d7c1a2072a-296e4933-329160-18c24ad6ade548%22%2C%22first_id%22%3A%22%22%2C%22props%22%3A%7B%22%24latest_traffic_source_type%22%3A%22url%E7%9A%84domain%E8%A7%A3%E6%9E%90%E5%A4%B1%E8%B4%A5%22%2C%22%24latest_search_keyword%22%3A%22url%E7%9A%84domain%E8%A7%A3%E6%9E%90%E5%A4%B1%E8%B4%A5%22%2C%22%24latest_referrer%22%3A%22url%E7%9A%84domain%E8%A7%A3%E6%9E%90%E5%A4%B1%E8%B4%A5%22%7D%2C%22identities%22%3A%22eyIkaWRlbnRpdHlfY29va2llX2lkIjoiMThjMjRhZDZhZGQyNDMtMDcwMGQ3YzFhMjA3MmEtMjk2ZTQ5MzMtMzI5MTYwLTE4YzI0YWQ2YWRlNTQ4In0%3D%22%2C%22history_login_id%22%3A%7B%22name%22%3A%22%22%2C%22value%22%3A%22%22%7D%2C%22%24device_id%22%3A%2218c24ad6add243-0700d7c1a2072a-296e4933-329160-18c24ad6ade548%22%7D; __bid_n=18c0fece85060965bac076; evget-_zldp=wu40MeF28%2F9FkGY33FDeWqXYsSHgA7diI%2BI3bC8imgDH8STU%2BKjVbSce1CMH5BQTpRUK595EVd8%3D; firstEnterUrlInSession=http%3A//localhost%3A8888/; Hm_lvt_22321c45e65e66bb8b19b0161e09bf22=1711939005; VisitorCapacity=1; pageReferrInSession=http%3A//localhost%3A8888/; PHPSESSID=71o2gsicmgkuq0i1olbh2q667v; Hm_lpvt_22321c45e65e66bb8b19b0161e09bf22=1712047592; _ga_9N93WSJWZK=GS1.1.1712047582.5.1.1712047599.0.0.0',
)
[ info ] [ PARAM ] array (
)
[ info ] [ RUN ] app\index\controller\Index->index[ D:\software\phpstudy_pro\WWW\chengyuetp5\application\index\controller\Index.php ]
[ info ] [ LOG ] INIT File
[ error ] [0]模板文件不存在:D:\software\phpstudy_pro\WWW\chengyuetp5\public/../application/index\view\index\solution.html[D:\software\phpstudy_pro\WWW\chengyuetp5\thinkphp\library\think\view\driver\Think.php:82]
---------------------------------------------------------------
[ 2024-04-02T17:23:43+08:00 ] 0.0.0.0 GET localhost:8888/
[运行时间：0.012264s] [吞吐率：81.54req/s] [内存消耗：1,577.15kb] [文件加载：36]
[ info ] [ LANG ] D:\software\phpstudy_pro\WWW\chengyuetp5\thinkphp\lang\zh-cn.php
[ info ] [ ROUTE ] array (
  'type' => 'module',
  'module' => 
  array (
    0 => '',
    1 => NULL,
    2 => NULL,
  ),
)
[ info ] [ HEADER ] array (
  'host' => 'localhost:8888',
  'connection' => 'keep-alive',
  'cache-control' => 'max-age=0',
  'sec-ch-ua' => '"Chromium";v="122", "Not(A:Brand";v="24", "Google Chrome";v="122"',
  'sec-ch-ua-mobile' => '?0',
  'sec-ch-ua-platform' => '"Windows"',
  'upgrade-insecure-requests' => '1',
  'user-agent' => 'Mozilla/5.0 (Windows NT 10.0; Win64; x64) AppleWebKit/537.36 (KHTML, like Gecko) Chrome/122.0.0.0 Safari/537.36',
  'accept' => 'text/html,application/xhtml+xml,application/xml;q=0.9,image/avif,image/webp,image/apng,*/*;q=0.8,application/signed-exchange;v=b3;q=0.7',
  'sec-fetch-site' => 'none',
  'sec-fetch-mode' => 'navigate',
  'sec-fetch-user' => '?1',
  'sec-fetch-dest' => 'document',
  'accept-encoding' => 'gzip, deflate, br, zstd',
  'accept-language' => 'zh-CN,zh;q=0.9,sq;q=0.8',
  'cookie' => '_ga=GA1.1.181191000.1701422393; sensorsdata2015jssdkcross=%7B%22distinct_id%22%3A%2218c24ad6add243-0700d7c1a2072a-296e4933-329160-18c24ad6ade548%22%2C%22first_id%22%3A%22%22%2C%22props%22%3A%7B%22%24latest_traffic_source_type%22%3A%22url%E7%9A%84domain%E8%A7%A3%E6%9E%90%E5%A4%B1%E8%B4%A5%22%2C%22%24latest_search_keyword%22%3A%22url%E7%9A%84domain%E8%A7%A3%E6%9E%90%E5%A4%B1%E8%B4%A5%22%2C%22%24latest_referrer%22%3A%22url%E7%9A%84domain%E8%A7%A3%E6%9E%90%E5%A4%B1%E8%B4%A5%22%7D%2C%22identities%22%3A%22eyIkaWRlbnRpdHlfY29va2llX2lkIjoiMThjMjRhZDZhZGQyNDMtMDcwMGQ3YzFhMjA3MmEtMjk2ZTQ5MzMtMzI5MTYwLTE4YzI0YWQ2YWRlNTQ4In0%3D%22%2C%22history_login_id%22%3A%7B%22name%22%3A%22%22%2C%22value%22%3A%22%22%7D%2C%22%24device_id%22%3A%2218c24ad6add243-0700d7c1a2072a-296e4933-329160-18c24ad6ade548%22%7D; __bid_n=18c0fece85060965bac076; evget-_zldp=wu40MeF28%2F9FkGY33FDeWqXYsSHgA7diI%2BI3bC8imgDH8STU%2BKjVbSce1CMH5BQTpRUK595EVd8%3D; firstEnterUrlInSession=http%3A//localhost%3A8888/; Hm_lvt_22321c45e65e66bb8b19b0161e09bf22=1711939005; VisitorCapacity=1; pageReferrInSession=http%3A//localhost%3A8888/; PHPSESSID=71o2gsicmgkuq0i1olbh2q667v; Hm_lpvt_22321c45e65e66bb8b19b0161e09bf22=1712047592; _ga_9N93WSJWZK=GS1.1.1712047582.5.1.1712047599.0.0.0',
)
[ info ] [ PARAM ] array (
)
[ info ] [ RUN ] app\index\controller\Index->index[ D:\software\phpstudy_pro\WWW\chengyuetp5\application\index\controller\Index.php ]
[ info ] [ LOG ] INIT File
[ error ] [0]模板文件不存在:D:\software\phpstudy_pro\WWW\chengyuetp5\public/../application/index\view\index\solution.html[D:\software\phpstudy_pro\WWW\chengyuetp5\thinkphp\library\think\view\driver\Think.php:82]
---------------------------------------------------------------
[ 2024-04-02T17:24:41+08:00 ] 0.0.0.0 GET localhost:8888/
[运行时间：0.009829s] [吞吐率：101.74req/s] [内存消耗：1,266.87kb] [文件加载：29]
[ info ] [ LANG ] D:\software\phpstudy_pro\WWW\chengyuetp5\thinkphp\lang\zh-cn.php
[ info ] [ ROUTE ] array (
  'type' => 'module',
  'module' => 
  array (
    0 => '',
    1 => NULL,
    2 => NULL,
  ),
)
[ info ] [ HEADER ] array (
  'host' => 'localhost:8888',
  'connection' => 'keep-alive',
  'cache-control' => 'max-age=0',
  'sec-ch-ua' => '"Chromium";v="122", "Not(A:Brand";v="24", "Google Chrome";v="122"',
  'sec-ch-ua-mobile' => '?0',
  'sec-ch-ua-platform' => '"Windows"',
  'upgrade-insecure-requests' => '1',
  'user-agent' => 'Mozilla/5.0 (Windows NT 10.0; Win64; x64) AppleWebKit/537.36 (KHTML, like Gecko) Chrome/122.0.0.0 Safari/537.36',
  'accept' => 'text/html,application/xhtml+xml,application/xml;q=0.9,image/avif,image/webp,image/apng,*/*;q=0.8,application/signed-exchange;v=b3;q=0.7',
  'sec-fetch-site' => 'none',
  'sec-fetch-mode' => 'navigate',
  'sec-fetch-user' => '?1',
  'sec-fetch-dest' => 'document',
  'accept-encoding' => 'gzip, deflate, br, zstd',
  'accept-language' => 'zh-CN,zh;q=0.9,sq;q=0.8',
  'cookie' => '_ga=GA1.1.181191000.1701422393; sensorsdata2015jssdkcross=%7B%22distinct_id%22%3A%2218c24ad6add243-0700d7c1a2072a-296e4933-329160-18c24ad6ade548%22%2C%22first_id%22%3A%22%22%2C%22props%22%3A%7B%22%24latest_traffic_source_type%22%3A%22url%E7%9A%84domain%E8%A7%A3%E6%9E%90%E5%A4%B1%E8%B4%A5%22%2C%22%24latest_search_keyword%22%3A%22url%E7%9A%84domain%E8%A7%A3%E6%9E%90%E5%A4%B1%E8%B4%A5%22%2C%22%24latest_referrer%22%3A%22url%E7%9A%84domain%E8%A7%A3%E6%9E%90%E5%A4%B1%E8%B4%A5%22%7D%2C%22identities%22%3A%22eyIkaWRlbnRpdHlfY29va2llX2lkIjoiMThjMjRhZDZhZGQyNDMtMDcwMGQ3YzFhMjA3MmEtMjk2ZTQ5MzMtMzI5MTYwLTE4YzI0YWQ2YWRlNTQ4In0%3D%22%2C%22history_login_id%22%3A%7B%22name%22%3A%22%22%2C%22value%22%3A%22%22%7D%2C%22%24device_id%22%3A%2218c24ad6add243-0700d7c1a2072a-296e4933-329160-18c24ad6ade548%22%7D; __bid_n=18c0fece85060965bac076; evget-_zldp=wu40MeF28%2F9FkGY33FDeWqXYsSHgA7diI%2BI3bC8imgDH8STU%2BKjVbSce1CMH5BQTpRUK595EVd8%3D; firstEnterUrlInSession=http%3A//localhost%3A8888/; Hm_lvt_22321c45e65e66bb8b19b0161e09bf22=1711939005; VisitorCapacity=1; pageReferrInSession=http%3A//localhost%3A8888/; PHPSESSID=71o2gsicmgkuq0i1olbh2q667v; Hm_lpvt_22321c45e65e66bb8b19b0161e09bf22=1712047592; _ga_9N93WSJWZK=GS1.1.1712047582.5.1.1712047599.0.0.0',
)
[ info ] [ PARAM ] array (
)
[ info ] [ LOG ] INIT File
[ error ] [0]语法解析错误: syntax error, unexpected ':', expecting ')'[D:\software\phpstudy_pro\WWW\chengyuetp5\application\index\controller\Index.php:11]
---------------------------------------------------------------
[ 2024-04-02T17:25:03+08:00 ] 0.0.0.0 GET localhost:8888/
[运行时间：0.016220s] [吞吐率：61.65req/s] [内存消耗：1,577.15kb] [文件加载：36]
[ info ] [ LANG ] D:\software\phpstudy_pro\WWW\chengyuetp5\thinkphp\lang\zh-cn.php
[ info ] [ ROUTE ] array (
  'type' => 'module',
  'module' => 
  array (
    0 => '',
    1 => NULL,
    2 => NULL,
  ),
)
[ info ] [ HEADER ] array (
  'host' => 'localhost:8888',
  'connection' => 'keep-alive',
  'cache-control' => 'max-age=0',
  'sec-ch-ua' => '"Chromium";v="122", "Not(A:Brand";v="24", "Google Chrome";v="122"',
  'sec-ch-ua-mobile' => '?0',
  'sec-ch-ua-platform' => '"Windows"',
  'upgrade-insecure-requests' => '1',
  'user-agent' => 'Mozilla/5.0 (Windows NT 10.0; Win64; x64) AppleWebKit/537.36 (KHTML, like Gecko) Chrome/122.0.0.0 Safari/537.36',
  'accept' => 'text/html,application/xhtml+xml,application/xml;q=0.9,image/avif,image/webp,image/apng,*/*;q=0.8,application/signed-exchange;v=b3;q=0.7',
  'sec-fetch-site' => 'none',
  'sec-fetch-mode' => 'navigate',
  'sec-fetch-user' => '?1',
  'sec-fetch-dest' => 'document',
  'accept-encoding' => 'gzip, deflate, br, zstd',
  'accept-language' => 'zh-CN,zh;q=0.9,sq;q=0.8',
  'cookie' => '_ga=GA1.1.181191000.1701422393; sensorsdata2015jssdkcross=%7B%22distinct_id%22%3A%2218c24ad6add243-0700d7c1a2072a-296e4933-329160-18c24ad6ade548%22%2C%22first_id%22%3A%22%22%2C%22props%22%3A%7B%22%24latest_traffic_source_type%22%3A%22url%E7%9A%84domain%E8%A7%A3%E6%9E%90%E5%A4%B1%E8%B4%A5%22%2C%22%24latest_search_keyword%22%3A%22url%E7%9A%84domain%E8%A7%A3%E6%9E%90%E5%A4%B1%E8%B4%A5%22%2C%22%24latest_referrer%22%3A%22url%E7%9A%84domain%E8%A7%A3%E6%9E%90%E5%A4%B1%E8%B4%A5%22%7D%2C%22identities%22%3A%22eyIkaWRlbnRpdHlfY29va2llX2lkIjoiMThjMjRhZDZhZGQyNDMtMDcwMGQ3YzFhMjA3MmEtMjk2ZTQ5MzMtMzI5MTYwLTE4YzI0YWQ2YWRlNTQ4In0%3D%22%2C%22history_login_id%22%3A%7B%22name%22%3A%22%22%2C%22value%22%3A%22%22%7D%2C%22%24device_id%22%3A%2218c24ad6add243-0700d7c1a2072a-296e4933-329160-18c24ad6ade548%22%7D; __bid_n=18c0fece85060965bac076; evget-_zldp=wu40MeF28%2F9FkGY33FDeWqXYsSHgA7diI%2BI3bC8imgDH8STU%2BKjVbSce1CMH5BQTpRUK595EVd8%3D; firstEnterUrlInSession=http%3A//localhost%3A8888/; Hm_lvt_22321c45e65e66bb8b19b0161e09bf22=1711939005; VisitorCapacity=1; pageReferrInSession=http%3A//localhost%3A8888/; PHPSESSID=71o2gsicmgkuq0i1olbh2q667v; Hm_lpvt_22321c45e65e66bb8b19b0161e09bf22=1712047592; _ga_9N93WSJWZK=GS1.1.1712047582.5.1.1712047599.0.0.0',
)
[ info ] [ PARAM ] array (
)
[ info ] [ RUN ] app\index\controller\Index->index[ D:\software\phpstudy_pro\WWW\chengyuetp5\application\index\controller\Index.php ]
[ info ] [ LOG ] INIT File
[ error ] [0]模板文件不存在:D:\software\phpstudy_pro\WWW\chengyuetp5\public/../application/index\view\index\solution.html[D:\software\phpstudy_pro\WWW\chengyuetp5\thinkphp\library\think\view\driver\Think.php:82]
---------------------------------------------------------------
[ 2024-04-02T17:26:30+08:00 ] 0.0.0.0 GET localhost:8888/
[运行时间：0.015182s] [吞吐率：65.87req/s] [内存消耗：1,577.15kb] [文件加载：36]
[ info ] [ LANG ] D:\software\phpstudy_pro\WWW\chengyuetp5\thinkphp\lang\zh-cn.php
[ info ] [ ROUTE ] array (
  'type' => 'module',
  'module' => 
  array (
    0 => '',
    1 => NULL,
    2 => NULL,
  ),
)
[ info ] [ HEADER ] array (
  'host' => 'localhost:8888',
  'connection' => 'keep-alive',
  'cache-control' => 'max-age=0',
  'sec-ch-ua' => '"Chromium";v="122", "Not(A:Brand";v="24", "Google Chrome";v="122"',
  'sec-ch-ua-mobile' => '?0',
  'sec-ch-ua-platform' => '"Windows"',
  'upgrade-insecure-requests' => '1',
  'user-agent' => 'Mozilla/5.0 (Windows NT 10.0; Win64; x64) AppleWebKit/537.36 (KHTML, like Gecko) Chrome/122.0.0.0 Safari/537.36',
  'accept' => 'text/html,application/xhtml+xml,application/xml;q=0.9,image/avif,image/webp,image/apng,*/*;q=0.8,application/signed-exchange;v=b3;q=0.7',
  'sec-fetch-site' => 'none',
  'sec-fetch-mode' => 'navigate',
  'sec-fetch-user' => '?1',
  'sec-fetch-dest' => 'document',
  'accept-encoding' => 'gzip, deflate, br, zstd',
  'accept-language' => 'zh-CN,zh;q=0.9,sq;q=0.8',
  'cookie' => '_ga=GA1.1.181191000.1701422393; sensorsdata2015jssdkcross=%7B%22distinct_id%22%3A%2218c24ad6add243-0700d7c1a2072a-296e4933-329160-18c24ad6ade548%22%2C%22first_id%22%3A%22%22%2C%22props%22%3A%7B%22%24latest_traffic_source_type%22%3A%22url%E7%9A%84domain%E8%A7%A3%E6%9E%90%E5%A4%B1%E8%B4%A5%22%2C%22%24latest_search_keyword%22%3A%22url%E7%9A%84domain%E8%A7%A3%E6%9E%90%E5%A4%B1%E8%B4%A5%22%2C%22%24latest_referrer%22%3A%22url%E7%9A%84domain%E8%A7%A3%E6%9E%90%E5%A4%B1%E8%B4%A5%22%7D%2C%22identities%22%3A%22eyIkaWRlbnRpdHlfY29va2llX2lkIjoiMThjMjRhZDZhZGQyNDMtMDcwMGQ3YzFhMjA3MmEtMjk2ZTQ5MzMtMzI5MTYwLTE4YzI0YWQ2YWRlNTQ4In0%3D%22%2C%22history_login_id%22%3A%7B%22name%22%3A%22%22%2C%22value%22%3A%22%22%7D%2C%22%24device_id%22%3A%2218c24ad6add243-0700d7c1a2072a-296e4933-329160-18c24ad6ade548%22%7D; __bid_n=18c0fece85060965bac076; evget-_zldp=wu40MeF28%2F9FkGY33FDeWqXYsSHgA7diI%2BI3bC8imgDH8STU%2BKjVbSce1CMH5BQTpRUK595EVd8%3D; firstEnterUrlInSession=http%3A//localhost%3A8888/; Hm_lvt_22321c45e65e66bb8b19b0161e09bf22=1711939005; VisitorCapacity=1; pageReferrInSession=http%3A//localhost%3A8888/; PHPSESSID=71o2gsicmgkuq0i1olbh2q667v; Hm_lpvt_22321c45e65e66bb8b19b0161e09bf22=1712047592; _ga_9N93WSJWZK=GS1.1.1712047582.5.1.1712047599.0.0.0',
)
[ info ] [ PARAM ] array (
)
[ info ] [ RUN ] app\index\controller\Index->index[ D:\software\phpstudy_pro\WWW\chengyuetp5\application\index\controller\Index.php ]
[ info ] [ LOG ] INIT File
[ error ] [0]模板文件不存在:D:\software\phpstudy_pro\WWW\chengyuetp5\public/../application/index\view\.\solution.html[D:\software\phpstudy_pro\WWW\chengyuetp5\thinkphp\library\think\view\driver\Think.php:82]
---------------------------------------------------------------
[ 2024-04-02T17:27:34+08:00 ] 0.0.0.0 GET localhost:8888/
[运行时间：0.015425s] [吞吐率：64.83req/s] [内存消耗：1,577.15kb] [文件加载：36]
[ info ] [ LANG ] D:\software\phpstudy_pro\WWW\chengyuetp5\thinkphp\lang\zh-cn.php
[ info ] [ ROUTE ] array (
  'type' => 'module',
  'module' => 
  array (
    0 => '',
    1 => NULL,
    2 => NULL,
  ),
)
[ info ] [ HEADER ] array (
  'host' => 'localhost:8888',
  'connection' => 'keep-alive',
  'cache-control' => 'max-age=0',
  'sec-ch-ua' => '"Chromium";v="122", "Not(A:Brand";v="24", "Google Chrome";v="122"',
  'sec-ch-ua-mobile' => '?0',
  'sec-ch-ua-platform' => '"Windows"',
  'upgrade-insecure-requests' => '1',
  'user-agent' => 'Mozilla/5.0 (Windows NT 10.0; Win64; x64) AppleWebKit/537.36 (KHTML, like Gecko) Chrome/122.0.0.0 Safari/537.36',
  'accept' => 'text/html,application/xhtml+xml,application/xml;q=0.9,image/avif,image/webp,image/apng,*/*;q=0.8,application/signed-exchange;v=b3;q=0.7',
  'sec-fetch-site' => 'none',
  'sec-fetch-mode' => 'navigate',
  'sec-fetch-user' => '?1',
  'sec-fetch-dest' => 'document',
  'accept-encoding' => 'gzip, deflate, br, zstd',
  'accept-language' => 'zh-CN,zh;q=0.9,sq;q=0.8',
  'cookie' => '_ga=GA1.1.181191000.1701422393; sensorsdata2015jssdkcross=%7B%22distinct_id%22%3A%2218c24ad6add243-0700d7c1a2072a-296e4933-329160-18c24ad6ade548%22%2C%22first_id%22%3A%22%22%2C%22props%22%3A%7B%22%24latest_traffic_source_type%22%3A%22url%E7%9A%84domain%E8%A7%A3%E6%9E%90%E5%A4%B1%E8%B4%A5%22%2C%22%24latest_search_keyword%22%3A%22url%E7%9A%84domain%E8%A7%A3%E6%9E%90%E5%A4%B1%E8%B4%A5%22%2C%22%24latest_referrer%22%3A%22url%E7%9A%84domain%E8%A7%A3%E6%9E%90%E5%A4%B1%E8%B4%A5%22%7D%2C%22identities%22%3A%22eyIkaWRlbnRpdHlfY29va2llX2lkIjoiMThjMjRhZDZhZGQyNDMtMDcwMGQ3YzFhMjA3MmEtMjk2ZTQ5MzMtMzI5MTYwLTE4YzI0YWQ2YWRlNTQ4In0%3D%22%2C%22history_login_id%22%3A%7B%22name%22%3A%22%22%2C%22value%22%3A%22%22%7D%2C%22%24device_id%22%3A%2218c24ad6add243-0700d7c1a2072a-296e4933-329160-18c24ad6ade548%22%7D; __bid_n=18c0fece85060965bac076; evget-_zldp=wu40MeF28%2F9FkGY33FDeWqXYsSHgA7diI%2BI3bC8imgDH8STU%2BKjVbSce1CMH5BQTpRUK595EVd8%3D; firstEnterUrlInSession=http%3A//localhost%3A8888/; Hm_lvt_22321c45e65e66bb8b19b0161e09bf22=1711939005; VisitorCapacity=1; pageReferrInSession=http%3A//localhost%3A8888/; PHPSESSID=71o2gsicmgkuq0i1olbh2q667v; Hm_lpvt_22321c45e65e66bb8b19b0161e09bf22=1712047592; _ga_9N93WSJWZK=GS1.1.1712047582.5.1.1712047599.0.0.0',
)
[ info ] [ PARAM ] array (
)
[ info ] [ RUN ] app\index\controller\Index->index[ D:\software\phpstudy_pro\WWW\chengyuetp5\application\index\controller\Index.php ]
[ info ] [ LOG ] INIT File
[ error ] [0]模板文件不存在:D:\software\phpstudy_pro\WWW\chengyuetp5\public/../application/admin\view\solution.html[D:\software\phpstudy_pro\WWW\chengyuetp5\thinkphp\library\think\view\driver\Think.php:82]
---------------------------------------------------------------
[ 2024-04-02T17:28:16+08:00 ] 0.0.0.0 GET localhost:8888/
[运行时间：0.014560s] [吞吐率：68.68req/s] [内存消耗：1,577.15kb] [文件加载：36]
[ info ] [ LANG ] D:\software\phpstudy_pro\WWW\chengyuetp5\thinkphp\lang\zh-cn.php
[ info ] [ ROUTE ] array (
  'type' => 'module',
  'module' => 
  array (
    0 => '',
    1 => NULL,
    2 => NULL,
  ),
)
[ info ] [ HEADER ] array (
  'host' => 'localhost:8888',
  'connection' => 'keep-alive',
  'cache-control' => 'max-age=0',
  'sec-ch-ua' => '"Chromium";v="122", "Not(A:Brand";v="24", "Google Chrome";v="122"',
  'sec-ch-ua-mobile' => '?0',
  'sec-ch-ua-platform' => '"Windows"',
  'upgrade-insecure-requests' => '1',
  'user-agent' => 'Mozilla/5.0 (Windows NT 10.0; Win64; x64) AppleWebKit/537.36 (KHTML, like Gecko) Chrome/122.0.0.0 Safari/537.36',
  'accept' => 'text/html,application/xhtml+xml,application/xml;q=0.9,image/avif,image/webp,image/apng,*/*;q=0.8,application/signed-exchange;v=b3;q=0.7',
  'sec-fetch-site' => 'none',
  'sec-fetch-mode' => 'navigate',
  'sec-fetch-user' => '?1',
  'sec-fetch-dest' => 'document',
  'accept-encoding' => 'gzip, deflate, br, zstd',
  'accept-language' => 'zh-CN,zh;q=0.9,sq;q=0.8',
  'cookie' => '_ga=GA1.1.181191000.1701422393; sensorsdata2015jssdkcross=%7B%22distinct_id%22%3A%2218c24ad6add243-0700d7c1a2072a-296e4933-329160-18c24ad6ade548%22%2C%22first_id%22%3A%22%22%2C%22props%22%3A%7B%22%24latest_traffic_source_type%22%3A%22url%E7%9A%84domain%E8%A7%A3%E6%9E%90%E5%A4%B1%E8%B4%A5%22%2C%22%24latest_search_keyword%22%3A%22url%E7%9A%84domain%E8%A7%A3%E6%9E%90%E5%A4%B1%E8%B4%A5%22%2C%22%24latest_referrer%22%3A%22url%E7%9A%84domain%E8%A7%A3%E6%9E%90%E5%A4%B1%E8%B4%A5%22%7D%2C%22identities%22%3A%22eyIkaWRlbnRpdHlfY29va2llX2lkIjoiMThjMjRhZDZhZGQyNDMtMDcwMGQ3YzFhMjA3MmEtMjk2ZTQ5MzMtMzI5MTYwLTE4YzI0YWQ2YWRlNTQ4In0%3D%22%2C%22history_login_id%22%3A%7B%22name%22%3A%22%22%2C%22value%22%3A%22%22%7D%2C%22%24device_id%22%3A%2218c24ad6add243-0700d7c1a2072a-296e4933-329160-18c24ad6ade548%22%7D; __bid_n=18c0fece85060965bac076; evget-_zldp=wu40MeF28%2F9FkGY33FDeWqXYsSHgA7diI%2BI3bC8imgDH8STU%2BKjVbSce1CMH5BQTpRUK595EVd8%3D; firstEnterUrlInSession=http%3A//localhost%3A8888/; Hm_lvt_22321c45e65e66bb8b19b0161e09bf22=1711939005; VisitorCapacity=1; pageReferrInSession=http%3A//localhost%3A8888/; PHPSESSID=71o2gsicmgkuq0i1olbh2q667v; Hm_lpvt_22321c45e65e66bb8b19b0161e09bf22=1712047592; _ga_9N93WSJWZK=GS1.1.1712047582.5.1.1712047599.0.0.0',
)
[ info ] [ PARAM ] array (
)
[ info ] [ RUN ] app\index\controller\Index->index[ D:\software\phpstudy_pro\WWW\chengyuetp5\application\index\controller\Index.php ]
[ info ] [ LOG ] INIT File
[ error ] [0]模板文件不存在:D:\software\phpstudy_pro\WWW\chengyuetp5\public/../application/index\view\solution.html[D:\software\phpstudy_pro\WWW\chengyuetp5\thinkphp\library\think\view\driver\Think.php:82]
