---------------------------------------------------------------
[ 2024-04-07T09:27:00+08:00 ] 0.0.0.0 GET localhost:8888/
[运行时间：0.035135s] [吞吐率：28.46req/s] [内存消耗：1,572.23kb] [文件加载：35]
[ info ] [ LANG ] D:\software\phpstudy_pro\WWW\chengyuetp5\thinkphp\lang\zh-cn.php
[ info ] [ ROUTE ] array (
  'type' => 'module',
  'module' => 
  array (
    0 => '',
    1 => NULL,
    2 => NULL,
  ),
)
[ info ] [ HEADER ] array (
  'host' => 'localhost:8888',
  'connection' => 'keep-alive',
  'sec-ch-ua' => '"Google Chrome";v="123", "Not:A-Brand";v="8", "Chromium";v="123"',
  'sec-ch-ua-mobile' => '?0',
  'sec-ch-ua-platform' => '"Windows"',
  'upgrade-insecure-requests' => '1',
  'user-agent' => 'Mozilla/5.0 (Windows NT 10.0; Win64; x64) AppleWebKit/537.36 (KHTML, like Gecko) Chrome/123.0.0.0 Safari/537.36',
  'accept' => 'text/html,application/xhtml+xml,application/xml;q=0.9,image/avif,image/webp,image/apng,*/*;q=0.8,application/signed-exchange;v=b3;q=0.7',
  'sec-fetch-site' => 'none',
  'sec-fetch-mode' => 'navigate',
  'sec-fetch-user' => '?1',
  'sec-fetch-dest' => 'document',
  'accept-encoding' => 'gzip, deflate, br, zstd',
  'accept-language' => 'zh-CN,zh;q=0.9,sq;q=0.8',
  'cookie' => '_ga=GA1.1.181191000.1701422393; sensorsdata2015jssdkcross=%7B%22distinct_id%22%3A%2218c24ad6add243-0700d7c1a2072a-296e4933-329160-18c24ad6ade548%22%2C%22first_id%22%3A%22%22%2C%22props%22%3A%7B%22%24latest_traffic_source_type%22%3A%22url%E7%9A%84domain%E8%A7%A3%E6%9E%90%E5%A4%B1%E8%B4%A5%22%2C%22%24latest_search_keyword%22%3A%22url%E7%9A%84domain%E8%A7%A3%E6%9E%90%E5%A4%B1%E8%B4%A5%22%2C%22%24latest_referrer%22%3A%22url%E7%9A%84domain%E8%A7%A3%E6%9E%90%E5%A4%B1%E8%B4%A5%22%7D%2C%22identities%22%3A%22eyIkaWRlbnRpdHlfY29va2llX2lkIjoiMThjMjRhZDZhZGQyNDMtMDcwMGQ3YzFhMjA3MmEtMjk2ZTQ5MzMtMzI5MTYwLTE4YzI0YWQ2YWRlNTQ4In0%3D%22%2C%22history_login_id%22%3A%7B%22name%22%3A%22%22%2C%22value%22%3A%22%22%7D%2C%22%24device_id%22%3A%2218c24ad6add243-0700d7c1a2072a-296e4933-329160-18c24ad6ade548%22%7D; __bid_n=18c0fece85060965bac076; evget-_zldp=wu40MeF28%2F9FkGY33FDeWqXYsSHgA7diI%2BI3bC8imgDH8STU%2BKjVbSce1CMH5BQTpRUK595EVd8%3D; Hm_lvt_22321c45e65e66bb8b19b0161e09bf22=1711939005; _ga_9N93WSJWZK=GS1.1.1712047582.5.1.1712047599.0.0.0',
)
[ info ] [ PARAM ] array (
)
[ info ] [ LOG ] INIT File
---------------------------------------------------------------
[ 2024-04-07T09:27:24+08:00 ] 0.0.0.0 GET localhost:8888/
[运行时间：0.013519s] [吞吐率：73.97req/s] [内存消耗：1,572.32kb] [文件加载：35]
[ info ] [ LANG ] D:\software\phpstudy_pro\WWW\chengyuetp5\thinkphp\lang\zh-cn.php
[ info ] [ ROUTE ] array (
  'type' => 'module',
  'module' => 
  array (
    0 => '',
    1 => NULL,
    2 => NULL,
  ),
)
[ info ] [ HEADER ] array (
  'host' => 'localhost:8888',
  'connection' => 'keep-alive',
  'cache-control' => 'max-age=0',
  'sec-ch-ua' => '"Google Chrome";v="123", "Not:A-Brand";v="8", "Chromium";v="123"',
  'sec-ch-ua-mobile' => '?0',
  'sec-ch-ua-platform' => '"Windows"',
  'upgrade-insecure-requests' => '1',
  'user-agent' => 'Mozilla/5.0 (Windows NT 10.0; Win64; x64) AppleWebKit/537.36 (KHTML, like Gecko) Chrome/123.0.0.0 Safari/537.36',
  'accept' => 'text/html,application/xhtml+xml,application/xml;q=0.9,image/avif,image/webp,image/apng,*/*;q=0.8,application/signed-exchange;v=b3;q=0.7',
  'sec-fetch-site' => 'none',
  'sec-fetch-mode' => 'navigate',
  'sec-fetch-user' => '?1',
  'sec-fetch-dest' => 'document',
  'accept-encoding' => 'gzip, deflate, br, zstd',
  'accept-language' => 'zh-CN,zh;q=0.9,sq;q=0.8',
  'cookie' => '_ga=GA1.1.181191000.1701422393; sensorsdata2015jssdkcross=%7B%22distinct_id%22%3A%2218c24ad6add243-0700d7c1a2072a-296e4933-329160-18c24ad6ade548%22%2C%22first_id%22%3A%22%22%2C%22props%22%3A%7B%22%24latest_traffic_source_type%22%3A%22url%E7%9A%84domain%E8%A7%A3%E6%9E%90%E5%A4%B1%E8%B4%A5%22%2C%22%24latest_search_keyword%22%3A%22url%E7%9A%84domain%E8%A7%A3%E6%9E%90%E5%A4%B1%E8%B4%A5%22%2C%22%24latest_referrer%22%3A%22url%E7%9A%84domain%E8%A7%A3%E6%9E%90%E5%A4%B1%E8%B4%A5%22%7D%2C%22identities%22%3A%22eyIkaWRlbnRpdHlfY29va2llX2lkIjoiMThjMjRhZDZhZGQyNDMtMDcwMGQ3YzFhMjA3MmEtMjk2ZTQ5MzMtMzI5MTYwLTE4YzI0YWQ2YWRlNTQ4In0%3D%22%2C%22history_login_id%22%3A%7B%22name%22%3A%22%22%2C%22value%22%3A%22%22%7D%2C%22%24device_id%22%3A%2218c24ad6add243-0700d7c1a2072a-296e4933-329160-18c24ad6ade548%22%7D; __bid_n=18c0fece85060965bac076; evget-_zldp=wu40MeF28%2F9FkGY33FDeWqXYsSHgA7diI%2BI3bC8imgDH8STU%2BKjVbSce1CMH5BQTpRUK595EVd8%3D; Hm_lvt_22321c45e65e66bb8b19b0161e09bf22=1711939005; _ga_9N93WSJWZK=GS1.1.1712047582.5.1.1712047599.0.0.0',
)
[ info ] [ PARAM ] array (
)
[ info ] [ LOG ] INIT File
---------------------------------------------------------------
[ 2024-04-07T09:28:09+08:00 ] 0.0.0.0 GET localhost:8888/
[运行时间：0.212216s] [吞吐率：4.71req/s] [内存消耗：2,521.94kb] [文件加载：40]
[ info ] [ LANG ] D:\software\phpstudy_pro\WWW\chengyuetp5\thinkphp\lang\zh-cn.php
[ info ] [ ROUTE ] array (
  'type' => 'module',
  'module' => 
  array (
    0 => '',
    1 => NULL,
    2 => NULL,
  ),
)
[ info ] [ HEADER ] array (
  'host' => 'localhost:8888',
  'connection' => 'keep-alive',
  'cache-control' => 'max-age=0',
  'sec-ch-ua' => '"Google Chrome";v="123", "Not:A-Brand";v="8", "Chromium";v="123"',
  'sec-ch-ua-mobile' => '?0',
  'sec-ch-ua-platform' => '"Windows"',
  'upgrade-insecure-requests' => '1',
  'user-agent' => 'Mozilla/5.0 (Windows NT 10.0; Win64; x64) AppleWebKit/537.36 (KHTML, like Gecko) Chrome/123.0.0.0 Safari/537.36',
  'accept' => 'text/html,application/xhtml+xml,application/xml;q=0.9,image/avif,image/webp,image/apng,*/*;q=0.8,application/signed-exchange;v=b3;q=0.7',
  'sec-fetch-site' => 'none',
  'sec-fetch-mode' => 'navigate',
  'sec-fetch-user' => '?1',
  'sec-fetch-dest' => 'document',
  'accept-encoding' => 'gzip, deflate, br, zstd',
  'accept-language' => 'zh-CN,zh;q=0.9,sq;q=0.8',
  'cookie' => '_ga=GA1.1.181191000.1701422393; sensorsdata2015jssdkcross=%7B%22distinct_id%22%3A%2218c24ad6add243-0700d7c1a2072a-296e4933-329160-18c24ad6ade548%22%2C%22first_id%22%3A%22%22%2C%22props%22%3A%7B%22%24latest_traffic_source_type%22%3A%22url%E7%9A%84domain%E8%A7%A3%E6%9E%90%E5%A4%B1%E8%B4%A5%22%2C%22%24latest_search_keyword%22%3A%22url%E7%9A%84domain%E8%A7%A3%E6%9E%90%E5%A4%B1%E8%B4%A5%22%2C%22%24latest_referrer%22%3A%22url%E7%9A%84domain%E8%A7%A3%E6%9E%90%E5%A4%B1%E8%B4%A5%22%7D%2C%22identities%22%3A%22eyIkaWRlbnRpdHlfY29va2llX2lkIjoiMThjMjRhZDZhZGQyNDMtMDcwMGQ3YzFhMjA3MmEtMjk2ZTQ5MzMtMzI5MTYwLTE4YzI0YWQ2YWRlNTQ4In0%3D%22%2C%22history_login_id%22%3A%7B%22name%22%3A%22%22%2C%22value%22%3A%22%22%7D%2C%22%24device_id%22%3A%2218c24ad6add243-0700d7c1a2072a-296e4933-329160-18c24ad6ade548%22%7D; __bid_n=18c0fece85060965bac076; evget-_zldp=wu40MeF28%2F9FkGY33FDeWqXYsSHgA7diI%2BI3bC8imgDH8STU%2BKjVbSce1CMH5BQTpRUK595EVd8%3D; Hm_lvt_22321c45e65e66bb8b19b0161e09bf22=1711939005; _ga_9N93WSJWZK=GS1.1.1712047582.5.1.1712047599.0.0.0',
)
[ info ] [ PARAM ] array (
)
[ info ] [ RUN ] app\index\controller\Index->index[ D:\software\phpstudy_pro\WWW\chengyuetp5\application\index\controller\Index.php ]
[ info ] [ DB ] INIT sqlsrv
[ info ] [ VIEW ] D:\software\phpstudy_pro\WWW\chengyuetp5\public/../application/index\view\index\index.html [ array (
  0 => 'result',
) ]
[ info ] [ LOG ] INIT File
[ sql ] [ DB ] CONNECT:[ UseTime:0.119696s ] sqlsrv:Database=chengyue;Server=localhost,1433
[ sql ] [ SQL ] SELECT   column_name,   data_type,   column_default,   is_nullable
        FROM    information_schema.tables AS t
        JOIN    information_schema.columns AS c
        ON  t.table_catalog = c.table_catalog
        AND t.table_schema  = c.table_schema
        AND t.table_name    = c.table_name
        WHERE   t.table_name = 'UserInfo' [ RunTime:0.023189s ]
[ sql ] [ SQL ] SELECT column_name FROM information_schema.key_column_usage WHERE table_name='UserInfo' [ RunTime:0.047713s ]
[ sql ] [ SQL ] SELECT T1.* FROM (SELECT thinkphp.*, ROW_NUMBER() OVER ( ORDER BY rand()) AS ROW_NUMBER FROM (SELECT  * FROM [UserInfo]) AS thinkphp) AS T1 [ RunTime:0.001913s ]
---------------------------------------------------------------
[ 2024-04-07T09:48:43+08:00 ] 0.0.0.0 GET localhost:8888/
[运行时间：0.121839s] [吞吐率：8.21req/s] [内存消耗：2,695.35kb] [文件加载：42]
[ info ] [ LANG ] D:\software\phpstudy_pro\WWW\chengyuetp5\thinkphp\lang\zh-cn.php
[ info ] [ ROUTE ] array (
  'type' => 'module',
  'module' => 
  array (
    0 => '',
    1 => NULL,
    2 => NULL,
  ),
)
[ info ] [ HEADER ] array (
  'host' => 'localhost:8888',
  'connection' => 'keep-alive',
  'pragma' => 'no-cache',
  'cache-control' => 'no-cache',
  'upgrade-insecure-requests' => '1',
  'user-agent' => 'Mozilla/5.0 (iPhone; CPU iPhone OS 16_6 like Mac OS X) AppleWebKit/605.1.15 (KHTML, like Gecko) Version/16.6 Mobile/15E148 Safari/604.1',
  'accept' => 'text/html,application/xhtml+xml,application/xml;q=0.9,image/avif,image/webp,image/apng,*/*;q=0.8,application/signed-exchange;v=b3;q=0.7',
  'sec-fetch-site' => 'none',
  'sec-fetch-mode' => 'navigate',
  'sec-fetch-user' => '?1',
  'sec-fetch-dest' => 'document',
  'accept-encoding' => 'gzip, deflate, br, zstd',
  'accept-language' => 'zh-CN,zh;q=0.9,sq;q=0.8',
  'cookie' => '_ga=GA1.1.181191000.1701422393; sensorsdata2015jssdkcross=%7B%22distinct_id%22%3A%2218c24ad6add243-0700d7c1a2072a-296e4933-329160-18c24ad6ade548%22%2C%22first_id%22%3A%22%22%2C%22props%22%3A%7B%22%24latest_traffic_source_type%22%3A%22url%E7%9A%84domain%E8%A7%A3%E6%9E%90%E5%A4%B1%E8%B4%A5%22%2C%22%24latest_search_keyword%22%3A%22url%E7%9A%84domain%E8%A7%A3%E6%9E%90%E5%A4%B1%E8%B4%A5%22%2C%22%24latest_referrer%22%3A%22url%E7%9A%84domain%E8%A7%A3%E6%9E%90%E5%A4%B1%E8%B4%A5%22%7D%2C%22identities%22%3A%22eyIkaWRlbnRpdHlfY29va2llX2lkIjoiMThjMjRhZDZhZGQyNDMtMDcwMGQ3YzFhMjA3MmEtMjk2ZTQ5MzMtMzI5MTYwLTE4YzI0YWQ2YWRlNTQ4In0%3D%22%2C%22history_login_id%22%3A%7B%22name%22%3A%22%22%2C%22value%22%3A%22%22%7D%2C%22%24device_id%22%3A%2218c24ad6add243-0700d7c1a2072a-296e4933-329160-18c24ad6ade548%22%7D; __bid_n=18c0fece85060965bac076; evget-_zldp=wu40MeF28%2F9FkGY33FDeWqXYsSHgA7diI%2BI3bC8imgDH8STU%2BKjVbSce1CMH5BQTpRUK595EVd8%3D; Hm_lvt_22321c45e65e66bb8b19b0161e09bf22=1711939005; _ga_9N93WSJWZK=GS1.1.1712047582.5.1.1712047599.0.0.0',
)
[ info ] [ PARAM ] array (
)
[ info ] [ RUN ] app\index\controller\Index->index[ D:\software\phpstudy_pro\WWW\chengyuetp5\application\index\controller\Index.php ]
[ info ] [ DB ] INIT sqlsrv
[ info ] [ VIEW ] D:\software\phpstudy_pro\WWW\chengyuetp5\public/../application/index\view\index\index.html [ array (
  0 => 'result',
) ]
[ info ] [ LOG ] INIT File
[ sql ] [ DB ] CONNECT:[ UseTime:0.011302s ] sqlsrv:Database=chengyue;Server=localhost,1433
[ sql ] [ SQL ] SELECT   column_name,   data_type,   column_default,   is_nullable
        FROM    information_schema.tables AS t
        JOIN    information_schema.columns AS c
        ON  t.table_catalog = c.table_catalog
        AND t.table_schema  = c.table_schema
        AND t.table_name    = c.table_name
        WHERE   t.table_name = 'UserInfo' [ RunTime:0.036148s ]
[ sql ] [ SQL ] SELECT column_name FROM information_schema.key_column_usage WHERE table_name='UserInfo' [ RunTime:0.049008s ]
[ sql ] [ SQL ] SELECT T1.* FROM (SELECT thinkphp.*, ROW_NUMBER() OVER ( ORDER BY rand()) AS ROW_NUMBER FROM (SELECT  * FROM [UserInfo]) AS thinkphp) AS T1 [ RunTime:0.001317s ]
---------------------------------------------------------------
[ 2024-04-07T09:50:25+08:00 ] 0.0.0.0 GET localhost:8888/
[运行时间：0.086867s] [吞吐率：11.51req/s] [内存消耗：2,695.55kb] [文件加载：42]
[ info ] [ LANG ] D:\software\phpstudy_pro\WWW\chengyuetp5\thinkphp\lang\zh-cn.php
[ info ] [ ROUTE ] array (
  'type' => 'module',
  'module' => 
  array (
    0 => '',
    1 => NULL,
    2 => NULL,
  ),
)
[ info ] [ HEADER ] array (
  'host' => 'localhost:8888',
  'connection' => 'keep-alive',
  'pragma' => 'no-cache',
  'cache-control' => 'no-cache',
  'upgrade-insecure-requests' => '1',
  'user-agent' => 'Mozilla/5.0 (iPhone; CPU iPhone OS 16_6 like Mac OS X) AppleWebKit/605.1.15 (KHTML, like Gecko) Version/16.6 Mobile/15E148 Safari/604.1',
  'accept' => 'text/html,application/xhtml+xml,application/xml;q=0.9,image/avif,image/webp,image/apng,*/*;q=0.8,application/signed-exchange;v=b3;q=0.7',
  'sec-fetch-site' => 'none',
  'sec-fetch-mode' => 'navigate',
  'sec-fetch-user' => '?1',
  'sec-fetch-dest' => 'document',
  'accept-encoding' => 'gzip, deflate, br, zstd',
  'accept-language' => 'zh-CN,zh;q=0.9,sq;q=0.8',
  'cookie' => '_ga=GA1.1.181191000.1701422393; sensorsdata2015jssdkcross=%7B%22distinct_id%22%3A%2218c24ad6add243-0700d7c1a2072a-296e4933-329160-18c24ad6ade548%22%2C%22first_id%22%3A%22%22%2C%22props%22%3A%7B%22%24latest_traffic_source_type%22%3A%22url%E7%9A%84domain%E8%A7%A3%E6%9E%90%E5%A4%B1%E8%B4%A5%22%2C%22%24latest_search_keyword%22%3A%22url%E7%9A%84domain%E8%A7%A3%E6%9E%90%E5%A4%B1%E8%B4%A5%22%2C%22%24latest_referrer%22%3A%22url%E7%9A%84domain%E8%A7%A3%E6%9E%90%E5%A4%B1%E8%B4%A5%22%7D%2C%22identities%22%3A%22eyIkaWRlbnRpdHlfY29va2llX2lkIjoiMThjMjRhZDZhZGQyNDMtMDcwMGQ3YzFhMjA3MmEtMjk2ZTQ5MzMtMzI5MTYwLTE4YzI0YWQ2YWRlNTQ4In0%3D%22%2C%22history_login_id%22%3A%7B%22name%22%3A%22%22%2C%22value%22%3A%22%22%7D%2C%22%24device_id%22%3A%2218c24ad6add243-0700d7c1a2072a-296e4933-329160-18c24ad6ade548%22%7D; __bid_n=18c0fece85060965bac076; evget-_zldp=wu40MeF28%2F9FkGY33FDeWqXYsSHgA7diI%2BI3bC8imgDH8STU%2BKjVbSce1CMH5BQTpRUK595EVd8%3D; Hm_lvt_22321c45e65e66bb8b19b0161e09bf22=1711939005; _ga_9N93WSJWZK=GS1.1.1712047582.5.1.1712047599.0.0.0',
)
[ info ] [ PARAM ] array (
)
[ info ] [ RUN ] app\index\controller\Index->index[ D:\software\phpstudy_pro\WWW\chengyuetp5\application\index\controller\Index.php ]
[ info ] [ DB ] INIT sqlsrv
[ info ] [ VIEW ] D:\software\phpstudy_pro\WWW\chengyuetp5\public/../application/index\view\index\index.html [ array (
  0 => 'result',
) ]
[ info ] [ LOG ] INIT File
[ sql ] [ DB ] CONNECT:[ UseTime:0.006901s ] sqlsrv:Database=chengyue;Server=localhost,1433
[ sql ] [ SQL ] SELECT   column_name,   data_type,   column_default,   is_nullable
        FROM    information_schema.tables AS t
        JOIN    information_schema.columns AS c
        ON  t.table_catalog = c.table_catalog
        AND t.table_schema  = c.table_schema
        AND t.table_name    = c.table_name
        WHERE   t.table_name = 'UserInfo' [ RunTime:0.018671s ]
[ sql ] [ SQL ] SELECT column_name FROM information_schema.key_column_usage WHERE table_name='UserInfo' [ RunTime:0.040993s ]
[ sql ] [ SQL ] SELECT T1.* FROM (SELECT thinkphp.*, ROW_NUMBER() OVER ( ORDER BY rand()) AS ROW_NUMBER FROM (SELECT  * FROM [UserInfo]) AS thinkphp) AS T1 [ RunTime:0.000852s ]
---------------------------------------------------------------
[ 2024-04-07T09:50:30+08:00 ] 0.0.0.0 GET localhost:8888/
[运行时间：0.017490s] [吞吐率：57.18req/s] [内存消耗：2,523.41kb] [文件加载：40]
[ info ] [ LANG ] D:\software\phpstudy_pro\WWW\chengyuetp5\thinkphp\lang\zh-cn.php
[ info ] [ ROUTE ] array (
  'type' => 'module',
  'module' => 
  array (
    0 => '',
    1 => NULL,
    2 => NULL,
  ),
)
[ info ] [ HEADER ] array (
  'host' => 'localhost:8888',
  'connection' => 'keep-alive',
  'pragma' => 'no-cache',
  'cache-control' => 'no-cache',
  'sec-ch-ua' => '"Google Chrome";v="123", "Not:A-Brand";v="8", "Chromium";v="123"',
  'sec-ch-ua-mobile' => '?0',
  'sec-ch-ua-platform' => '"Windows"',
  'upgrade-insecure-requests' => '1',
  'user-agent' => 'Mozilla/5.0 (Windows NT 10.0; Win64; x64) AppleWebKit/537.36 (KHTML, like Gecko) Chrome/123.0.0.0 Safari/537.36',
  'accept' => 'text/html,application/xhtml+xml,application/xml;q=0.9,image/avif,image/webp,image/apng,*/*;q=0.8,application/signed-exchange;v=b3;q=0.7',
  'sec-fetch-site' => 'none',
  'sec-fetch-mode' => 'navigate',
  'sec-fetch-user' => '?1',
  'sec-fetch-dest' => 'document',
  'accept-encoding' => 'gzip, deflate, br, zstd',
  'accept-language' => 'zh-CN,zh;q=0.9,sq;q=0.8',
  'cookie' => '_ga=GA1.1.181191000.1701422393; sensorsdata2015jssdkcross=%7B%22distinct_id%22%3A%2218c24ad6add243-0700d7c1a2072a-296e4933-329160-18c24ad6ade548%22%2C%22first_id%22%3A%22%22%2C%22props%22%3A%7B%22%24latest_traffic_source_type%22%3A%22url%E7%9A%84domain%E8%A7%A3%E6%9E%90%E5%A4%B1%E8%B4%A5%22%2C%22%24latest_search_keyword%22%3A%22url%E7%9A%84domain%E8%A7%A3%E6%9E%90%E5%A4%B1%E8%B4%A5%22%2C%22%24latest_referrer%22%3A%22url%E7%9A%84domain%E8%A7%A3%E6%9E%90%E5%A4%B1%E8%B4%A5%22%7D%2C%22identities%22%3A%22eyIkaWRlbnRpdHlfY29va2llX2lkIjoiMThjMjRhZDZhZGQyNDMtMDcwMGQ3YzFhMjA3MmEtMjk2ZTQ5MzMtMzI5MTYwLTE4YzI0YWQ2YWRlNTQ4In0%3D%22%2C%22history_login_id%22%3A%7B%22name%22%3A%22%22%2C%22value%22%3A%22%22%7D%2C%22%24device_id%22%3A%2218c24ad6add243-0700d7c1a2072a-296e4933-329160-18c24ad6ade548%22%7D; __bid_n=18c0fece85060965bac076; evget-_zldp=wu40MeF28%2F9FkGY33FDeWqXYsSHgA7diI%2BI3bC8imgDH8STU%2BKjVbSce1CMH5BQTpRUK595EVd8%3D; Hm_lvt_22321c45e65e66bb8b19b0161e09bf22=1711939005; _ga_9N93WSJWZK=GS1.1.1712047582.5.1.1712047599.0.0.0',
)
[ info ] [ PARAM ] array (
)
[ info ] [ RUN ] app\index\controller\Index->index[ D:\software\phpstudy_pro\WWW\chengyuetp5\application\index\controller\Index.php ]
[ info ] [ DB ] INIT sqlsrv
[ info ] [ VIEW ] D:\software\phpstudy_pro\WWW\chengyuetp5\public/../application/index\view\index\index.html [ array (
  0 => 'result',
) ]
[ info ] [ LOG ] INIT File
[ sql ] [ DB ] CONNECT:[ UseTime:0.000191s ] sqlsrv:Database=chengyue;Server=localhost,1433
[ sql ] [ SQL ] SELECT   column_name,   data_type,   column_default,   is_nullable
        FROM    information_schema.tables AS t
        JOIN    information_schema.columns AS c
        ON  t.table_catalog = c.table_catalog
        AND t.table_schema  = c.table_schema
        AND t.table_name    = c.table_name
        WHERE   t.table_name = 'UserInfo' [ RunTime:0.000884s ]
[ sql ] [ SQL ] SELECT column_name FROM information_schema.key_column_usage WHERE table_name='UserInfo' [ RunTime:0.000517s ]
[ sql ] [ SQL ] SELECT T1.* FROM (SELECT thinkphp.*, ROW_NUMBER() OVER ( ORDER BY rand()) AS ROW_NUMBER FROM (SELECT  * FROM [UserInfo]) AS thinkphp) AS T1 [ RunTime:0.000296s ]
---------------------------------------------------------------
[ 2024-04-07T09:50:56+08:00 ] 0.0.0.0 GET localhost:8888/
[运行时间：0.026974s] [吞吐率：37.07req/s] [内存消耗：2,697.09kb] [文件加载：42]
[ info ] [ LANG ] D:\software\phpstudy_pro\WWW\chengyuetp5\thinkphp\lang\zh-cn.php
[ info ] [ ROUTE ] array (
  'type' => 'module',
  'module' => 
  array (
    0 => '',
    1 => NULL,
    2 => NULL,
  ),
)
[ info ] [ HEADER ] array (
  'host' => 'localhost:8888',
  'connection' => 'keep-alive',
  'pragma' => 'no-cache',
  'cache-control' => 'no-cache',
  'sec-ch-ua' => '"Google Chrome";v="123", "Not:A-Brand";v="8", "Chromium";v="123"',
  'sec-ch-ua-mobile' => '?0',
  'sec-ch-ua-platform' => '"Windows"',
  'upgrade-insecure-requests' => '1',
  'user-agent' => 'Mozilla/5.0 (Windows NT 10.0; Win64; x64) AppleWebKit/537.36 (KHTML, like Gecko) Chrome/123.0.0.0 Safari/537.36',
  'accept' => 'text/html,application/xhtml+xml,application/xml;q=0.9,image/avif,image/webp,image/apng,*/*;q=0.8,application/signed-exchange;v=b3;q=0.7',
  'sec-fetch-site' => 'none',
  'sec-fetch-mode' => 'navigate',
  'sec-fetch-user' => '?1',
  'sec-fetch-dest' => 'document',
  'accept-encoding' => 'gzip, deflate, br, zstd',
  'accept-language' => 'zh-CN,zh;q=0.9,sq;q=0.8',
  'cookie' => '_ga=GA1.1.181191000.1701422393; sensorsdata2015jssdkcross=%7B%22distinct_id%22%3A%2218c24ad6add243-0700d7c1a2072a-296e4933-329160-18c24ad6ade548%22%2C%22first_id%22%3A%22%22%2C%22props%22%3A%7B%22%24latest_traffic_source_type%22%3A%22url%E7%9A%84domain%E8%A7%A3%E6%9E%90%E5%A4%B1%E8%B4%A5%22%2C%22%24latest_search_keyword%22%3A%22url%E7%9A%84domain%E8%A7%A3%E6%9E%90%E5%A4%B1%E8%B4%A5%22%2C%22%24latest_referrer%22%3A%22url%E7%9A%84domain%E8%A7%A3%E6%9E%90%E5%A4%B1%E8%B4%A5%22%7D%2C%22identities%22%3A%22eyIkaWRlbnRpdHlfY29va2llX2lkIjoiMThjMjRhZDZhZGQyNDMtMDcwMGQ3YzFhMjA3MmEtMjk2ZTQ5MzMtMzI5MTYwLTE4YzI0YWQ2YWRlNTQ4In0%3D%22%2C%22history_login_id%22%3A%7B%22name%22%3A%22%22%2C%22value%22%3A%22%22%7D%2C%22%24device_id%22%3A%2218c24ad6add243-0700d7c1a2072a-296e4933-329160-18c24ad6ade548%22%7D; __bid_n=18c0fece85060965bac076; evget-_zldp=wu40MeF28%2F9FkGY33FDeWqXYsSHgA7diI%2BI3bC8imgDH8STU%2BKjVbSce1CMH5BQTpRUK595EVd8%3D; Hm_lvt_22321c45e65e66bb8b19b0161e09bf22=1711939005; _ga_9N93WSJWZK=GS1.1.1712047582.5.1.1712047599.0.0.0',
)
[ info ] [ PARAM ] array (
)
[ info ] [ RUN ] app\index\controller\Index->index[ D:\software\phpstudy_pro\WWW\chengyuetp5\application\index\controller\Index.php ]
[ info ] [ DB ] INIT sqlsrv
[ info ] [ VIEW ] D:\software\phpstudy_pro\WWW\chengyuetp5\public/../application/index\view\index\index.html [ array (
  0 => 'result',
) ]
[ info ] [ LOG ] INIT File
[ sql ] [ DB ] CONNECT:[ UseTime:0.000053s ] sqlsrv:Database=chengyue;Server=localhost,1433
[ sql ] [ SQL ] SELECT   column_name,   data_type,   column_default,   is_nullable
        FROM    information_schema.tables AS t
        JOIN    information_schema.columns AS c
        ON  t.table_catalog = c.table_catalog
        AND t.table_schema  = c.table_schema
        AND t.table_name    = c.table_name
        WHERE   t.table_name = 'UserInfo' [ RunTime:0.000488s ]
[ sql ] [ SQL ] SELECT column_name FROM information_schema.key_column_usage WHERE table_name='UserInfo' [ RunTime:0.000537s ]
[ sql ] [ SQL ] SELECT T1.* FROM (SELECT thinkphp.*, ROW_NUMBER() OVER ( ORDER BY rand()) AS ROW_NUMBER FROM (SELECT  * FROM [UserInfo]) AS thinkphp) AS T1 [ RunTime:0.000385s ]
---------------------------------------------------------------
[ 2024-04-07T14:26:34+08:00 ] 0.0.0.0 GET localhost:8888/
[运行时间：0.198801s] [吞吐率：5.03req/s] [内存消耗：2,696.32kb] [文件加载：42]
[ info ] [ LANG ] D:\software\phpstudy_pro\WWW\chengyuetp5\thinkphp\lang\zh-cn.php
[ info ] [ ROUTE ] array (
  'type' => 'module',
  'module' => 
  array (
    0 => '',
    1 => NULL,
    2 => NULL,
  ),
)
[ info ] [ HEADER ] array (
  'host' => 'localhost:8888',
  'connection' => 'keep-alive',
  'sec-ch-ua' => '"Google Chrome";v="123", "Not:A-Brand";v="8", "Chromium";v="123"',
  'sec-ch-ua-mobile' => '?0',
  'sec-ch-ua-platform' => '"Windows"',
  'upgrade-insecure-requests' => '1',
  'user-agent' => 'Mozilla/5.0 (Windows NT 10.0; Win64; x64) AppleWebKit/537.36 (KHTML, like Gecko) Chrome/123.0.0.0 Safari/537.36',
  'accept' => 'text/html,application/xhtml+xml,application/xml;q=0.9,image/avif,image/webp,image/apng,*/*;q=0.8,application/signed-exchange;v=b3;q=0.7',
  'sec-fetch-site' => 'none',
  'sec-fetch-mode' => 'navigate',
  'sec-fetch-user' => '?1',
  'sec-fetch-dest' => 'document',
  'accept-encoding' => 'gzip, deflate, br, zstd',
  'accept-language' => 'zh-CN,zh;q=0.9,sq;q=0.8',
  'cookie' => '_ga=GA1.1.181191000.1701422393; sensorsdata2015jssdkcross=%7B%22distinct_id%22%3A%2218c24ad6add243-0700d7c1a2072a-296e4933-329160-18c24ad6ade548%22%2C%22first_id%22%3A%22%22%2C%22props%22%3A%7B%22%24latest_traffic_source_type%22%3A%22url%E7%9A%84domain%E8%A7%A3%E6%9E%90%E5%A4%B1%E8%B4%A5%22%2C%22%24latest_search_keyword%22%3A%22url%E7%9A%84domain%E8%A7%A3%E6%9E%90%E5%A4%B1%E8%B4%A5%22%2C%22%24latest_referrer%22%3A%22url%E7%9A%84domain%E8%A7%A3%E6%9E%90%E5%A4%B1%E8%B4%A5%22%7D%2C%22identities%22%3A%22eyIkaWRlbnRpdHlfY29va2llX2lkIjoiMThjMjRhZDZhZGQyNDMtMDcwMGQ3YzFhMjA3MmEtMjk2ZTQ5MzMtMzI5MTYwLTE4YzI0YWQ2YWRlNTQ4In0%3D%22%2C%22history_login_id%22%3A%7B%22name%22%3A%22%22%2C%22value%22%3A%22%22%7D%2C%22%24device_id%22%3A%2218c24ad6add243-0700d7c1a2072a-296e4933-329160-18c24ad6ade548%22%7D; __bid_n=18c0fece85060965bac076; evget-_zldp=wu40MeF28%2F9FkGY33FDeWqXYsSHgA7diI%2BI3bC8imgDH8STU%2BKjVbSce1CMH5BQTpRUK595EVd8%3D; Hm_lvt_22321c45e65e66bb8b19b0161e09bf22=1711939005; _ga_9N93WSJWZK=GS1.1.1712047582.5.1.1712047599.0.0.0',
)
[ info ] [ PARAM ] array (
)
[ info ] [ RUN ] app\index\controller\Index->index[ D:\software\phpstudy_pro\WWW\chengyuetp5\application\index\controller\Index.php ]
[ info ] [ DB ] INIT sqlsrv
[ info ] [ VIEW ] D:\software\phpstudy_pro\WWW\chengyuetp5\public/../application/index\view\index\index.html [ array (
  0 => 'result',
) ]
[ info ] [ LOG ] INIT File
[ sql ] [ DB ] CONNECT:[ UseTime:0.090257s ] sqlsrv:Database=chengyue;Server=localhost,1433
[ sql ] [ SQL ] SELECT   column_name,   data_type,   column_default,   is_nullable
        FROM    information_schema.tables AS t
        JOIN    information_schema.columns AS c
        ON  t.table_catalog = c.table_catalog
        AND t.table_schema  = c.table_schema
        AND t.table_name    = c.table_name
        WHERE   t.table_name = 'UserInfo' [ RunTime:0.035703s ]
[ sql ] [ SQL ] SELECT column_name FROM information_schema.key_column_usage WHERE table_name='UserInfo' [ RunTime:0.048367s ]
[ sql ] [ SQL ] SELECT T1.* FROM (SELECT thinkphp.*, ROW_NUMBER() OVER ( ORDER BY rand()) AS ROW_NUMBER FROM (SELECT  * FROM [UserInfo]) AS thinkphp) AS T1 [ RunTime:0.001384s ]
---------------------------------------------------------------
[ 2024-04-07T14:32:58+08:00 ] 0.0.0.0 GET localhost:8888/
[运行时间：0.104372s] [吞吐率：9.58req/s] [内存消耗：2,697.09kb] [文件加载：42]
[ info ] [ LANG ] D:\software\phpstudy_pro\WWW\chengyuetp5\thinkphp\lang\zh-cn.php
[ info ] [ ROUTE ] array (
  'type' => 'module',
  'module' => 
  array (
    0 => '',
    1 => NULL,
    2 => NULL,
  ),
)
[ info ] [ HEADER ] array (
  'host' => 'localhost:8888',
  'connection' => 'keep-alive',
  'cache-control' => 'max-age=0',
  'sec-ch-ua' => '"Google Chrome";v="123", "Not:A-Brand";v="8", "Chromium";v="123"',
  'sec-ch-ua-mobile' => '?0',
  'sec-ch-ua-platform' => '"Windows"',
  'upgrade-insecure-requests' => '1',
  'user-agent' => 'Mozilla/5.0 (Windows NT 10.0; Win64; x64) AppleWebKit/537.36 (KHTML, like Gecko) Chrome/123.0.0.0 Safari/537.36',
  'accept' => 'text/html,application/xhtml+xml,application/xml;q=0.9,image/avif,image/webp,image/apng,*/*;q=0.8,application/signed-exchange;v=b3;q=0.7',
  'sec-fetch-site' => 'none',
  'sec-fetch-mode' => 'navigate',
  'sec-fetch-user' => '?1',
  'sec-fetch-dest' => 'document',
  'accept-encoding' => 'gzip, deflate, br, zstd',
  'accept-language' => 'zh-CN,zh;q=0.9,sq;q=0.8',
  'cookie' => '_ga=GA1.1.181191000.1701422393; sensorsdata2015jssdkcross=%7B%22distinct_id%22%3A%2218c24ad6add243-0700d7c1a2072a-296e4933-329160-18c24ad6ade548%22%2C%22first_id%22%3A%22%22%2C%22props%22%3A%7B%22%24latest_traffic_source_type%22%3A%22url%E7%9A%84domain%E8%A7%A3%E6%9E%90%E5%A4%B1%E8%B4%A5%22%2C%22%24latest_search_keyword%22%3A%22url%E7%9A%84domain%E8%A7%A3%E6%9E%90%E5%A4%B1%E8%B4%A5%22%2C%22%24latest_referrer%22%3A%22url%E7%9A%84domain%E8%A7%A3%E6%9E%90%E5%A4%B1%E8%B4%A5%22%7D%2C%22identities%22%3A%22eyIkaWRlbnRpdHlfY29va2llX2lkIjoiMThjMjRhZDZhZGQyNDMtMDcwMGQ3YzFhMjA3MmEtMjk2ZTQ5MzMtMzI5MTYwLTE4YzI0YWQ2YWRlNTQ4In0%3D%22%2C%22history_login_id%22%3A%7B%22name%22%3A%22%22%2C%22value%22%3A%22%22%7D%2C%22%24device_id%22%3A%2218c24ad6add243-0700d7c1a2072a-296e4933-329160-18c24ad6ade548%22%7D; __bid_n=18c0fece85060965bac076; evget-_zldp=wu40MeF28%2F9FkGY33FDeWqXYsSHgA7diI%2BI3bC8imgDH8STU%2BKjVbSce1CMH5BQTpRUK595EVd8%3D; Hm_lvt_22321c45e65e66bb8b19b0161e09bf22=1711939005; _ga_9N93WSJWZK=GS1.1.1712047582.5.1.1712047599.0.0.0',
)
[ info ] [ PARAM ] array (
)
[ info ] [ RUN ] app\index\controller\Index->index[ D:\software\phpstudy_pro\WWW\chengyuetp5\application\index\controller\Index.php ]
[ info ] [ DB ] INIT sqlsrv
[ info ] [ VIEW ] D:\software\phpstudy_pro\WWW\chengyuetp5\public/../application/index\view\index\index.html [ array (
  0 => 'result',
  1 => 'title',
  2 => 'keyword',
  3 => 'descrition',
) ]
[ info ] [ LOG ] INIT File
[ sql ] [ DB ] CONNECT:[ UseTime:0.007444s ] sqlsrv:Database=chengyue;Server=localhost,1433
[ sql ] [ SQL ] SELECT   column_name,   data_type,   column_default,   is_nullable
        FROM    information_schema.tables AS t
        JOIN    information_schema.columns AS c
        ON  t.table_catalog = c.table_catalog
        AND t.table_schema  = c.table_schema
        AND t.table_name    = c.table_name
        WHERE   t.table_name = 'UserInfo' [ RunTime:0.028385s ]
[ sql ] [ SQL ] SELECT column_name FROM information_schema.key_column_usage WHERE table_name='UserInfo' [ RunTime:0.047378s ]
[ sql ] [ SQL ] SELECT T1.* FROM (SELECT thinkphp.*, ROW_NUMBER() OVER ( ORDER BY rand()) AS ROW_NUMBER FROM (SELECT  * FROM [UserInfo]) AS thinkphp) AS T1 [ RunTime:0.000779s ]
---------------------------------------------------------------
[ 2024-04-07T14:59:11+08:00 ] 0.0.0.0 GET localhost:8888/
[运行时间：0.098576s] [吞吐率：10.14req/s] [内存消耗：2,694.96kb] [文件加载：42]
[ info ] [ LANG ] D:\software\phpstudy_pro\WWW\chengyuetp5\thinkphp\lang\zh-cn.php
[ info ] [ ROUTE ] array (
  'type' => 'module',
  'module' => 
  array (
    0 => '',
    1 => NULL,
    2 => NULL,
  ),
)
[ info ] [ HEADER ] array (
  'host' => 'localhost:8888',
  'connection' => 'keep-alive',
  'cache-control' => 'max-age=0',
  'sec-ch-ua' => '"Google Chrome";v="123", "Not:A-Brand";v="8", "Chromium";v="123"',
  'sec-ch-ua-mobile' => '?0',
  'sec-ch-ua-platform' => '"Windows"',
  'upgrade-insecure-requests' => '1',
  'user-agent' => 'Mozilla/5.0 (Windows NT 10.0; Win64; x64) AppleWebKit/537.36 (KHTML, like Gecko) Chrome/123.0.0.0 Safari/537.36',
  'accept' => 'text/html,application/xhtml+xml,application/xml;q=0.9,image/avif,image/webp,image/apng,*/*;q=0.8,application/signed-exchange;v=b3;q=0.7',
  'sec-fetch-site' => 'none',
  'sec-fetch-mode' => 'navigate',
  'sec-fetch-user' => '?1',
  'sec-fetch-dest' => 'document',
  'accept-encoding' => 'gzip, deflate, br, zstd',
  'accept-language' => 'zh-CN,zh;q=0.9,sq;q=0.8',
  'cookie' => '_ga=GA1.1.181191000.1701422393; sensorsdata2015jssdkcross=%7B%22distinct_id%22%3A%2218c24ad6add243-0700d7c1a2072a-296e4933-329160-18c24ad6ade548%22%2C%22first_id%22%3A%22%22%2C%22props%22%3A%7B%22%24latest_traffic_source_type%22%3A%22url%E7%9A%84domain%E8%A7%A3%E6%9E%90%E5%A4%B1%E8%B4%A5%22%2C%22%24latest_search_keyword%22%3A%22url%E7%9A%84domain%E8%A7%A3%E6%9E%90%E5%A4%B1%E8%B4%A5%22%2C%22%24latest_referrer%22%3A%22url%E7%9A%84domain%E8%A7%A3%E6%9E%90%E5%A4%B1%E8%B4%A5%22%7D%2C%22identities%22%3A%22eyIkaWRlbnRpdHlfY29va2llX2lkIjoiMThjMjRhZDZhZGQyNDMtMDcwMGQ3YzFhMjA3MmEtMjk2ZTQ5MzMtMzI5MTYwLTE4YzI0YWQ2YWRlNTQ4In0%3D%22%2C%22history_login_id%22%3A%7B%22name%22%3A%22%22%2C%22value%22%3A%22%22%7D%2C%22%24device_id%22%3A%2218c24ad6add243-0700d7c1a2072a-296e4933-329160-18c24ad6ade548%22%7D; __bid_n=18c0fece85060965bac076; evget-_zldp=wu40MeF28%2F9FkGY33FDeWqXYsSHgA7diI%2BI3bC8imgDH8STU%2BKjVbSce1CMH5BQTpRUK595EVd8%3D; Hm_lvt_22321c45e65e66bb8b19b0161e09bf22=1711939005; _ga_9N93WSJWZK=GS1.1.1712047582.5.1.1712047599.0.0.0',
)
[ info ] [ PARAM ] array (
)
[ info ] [ RUN ] app\index\controller\Index->index[ D:\software\phpstudy_pro\WWW\chengyuetp5\application\index\controller\Index.php ]
[ info ] [ DB ] INIT sqlsrv
[ info ] [ VIEW ] D:\software\phpstudy_pro\WWW\chengyuetp5\public/../application/index\view\index\index.html [ array (
  0 => 'result',
  1 => 'title',
  2 => 'keyword',
  3 => 'descrition',
) ]
[ info ] [ LOG ] INIT File
[ sql ] [ DB ] CONNECT:[ UseTime:0.009803s ] sqlsrv:Database=chengyue;Server=localhost,1433
[ sql ] [ SQL ] SELECT   column_name,   data_type,   column_default,   is_nullable
        FROM    information_schema.tables AS t
        JOIN    information_schema.columns AS c
        ON  t.table_catalog = c.table_catalog
        AND t.table_schema  = c.table_schema
        AND t.table_name    = c.table_name
        WHERE   t.table_name = 'UserInfo' [ RunTime:0.022972s ]
[ sql ] [ SQL ] SELECT column_name FROM information_schema.key_column_usage WHERE table_name='UserInfo' [ RunTime:0.044224s ]
[ sql ] [ SQL ] SELECT T1.* FROM (SELECT thinkphp.*, ROW_NUMBER() OVER ( ORDER BY rand()) AS ROW_NUMBER FROM (SELECT  * FROM [UserInfo]) AS thinkphp) AS T1 [ RunTime:0.000744s ]
---------------------------------------------------------------
[ 2024-04-07T15:11:32+08:00 ] 0.0.0.0 GET localhost:8888/
[运行时间：0.101880s] [吞吐率：9.82req/s] [内存消耗：2,695.46kb] [文件加载：42]
[ info ] [ LANG ] D:\software\phpstudy_pro\WWW\chengyuetp5\thinkphp\lang\zh-cn.php
[ info ] [ ROUTE ] array (
  'type' => 'module',
  'module' => 
  array (
    0 => '',
    1 => NULL,
    2 => NULL,
  ),
)
[ info ] [ HEADER ] array (
  'host' => 'localhost:8888',
  'connection' => 'keep-alive',
  'cache-control' => 'max-age=0',
  'sec-ch-ua' => '"Google Chrome";v="123", "Not:A-Brand";v="8", "Chromium";v="123"',
  'sec-ch-ua-mobile' => '?0',
  'sec-ch-ua-platform' => '"Windows"',
  'upgrade-insecure-requests' => '1',
  'user-agent' => 'Mozilla/5.0 (Windows NT 10.0; Win64; x64) AppleWebKit/537.36 (KHTML, like Gecko) Chrome/123.0.0.0 Safari/537.36',
  'accept' => 'text/html,application/xhtml+xml,application/xml;q=0.9,image/avif,image/webp,image/apng,*/*;q=0.8,application/signed-exchange;v=b3;q=0.7',
  'sec-fetch-site' => 'none',
  'sec-fetch-mode' => 'navigate',
  'sec-fetch-user' => '?1',
  'sec-fetch-dest' => 'document',
  'accept-encoding' => 'gzip, deflate, br, zstd',
  'accept-language' => 'zh-CN,zh;q=0.9,sq;q=0.8',
  'cookie' => '_ga=GA1.1.181191000.1701422393; sensorsdata2015jssdkcross=%7B%22distinct_id%22%3A%2218c24ad6add243-0700d7c1a2072a-296e4933-329160-18c24ad6ade548%22%2C%22first_id%22%3A%22%22%2C%22props%22%3A%7B%22%24latest_traffic_source_type%22%3A%22url%E7%9A%84domain%E8%A7%A3%E6%9E%90%E5%A4%B1%E8%B4%A5%22%2C%22%24latest_search_keyword%22%3A%22url%E7%9A%84domain%E8%A7%A3%E6%9E%90%E5%A4%B1%E8%B4%A5%22%2C%22%24latest_referrer%22%3A%22url%E7%9A%84domain%E8%A7%A3%E6%9E%90%E5%A4%B1%E8%B4%A5%22%7D%2C%22identities%22%3A%22eyIkaWRlbnRpdHlfY29va2llX2lkIjoiMThjMjRhZDZhZGQyNDMtMDcwMGQ3YzFhMjA3MmEtMjk2ZTQ5MzMtMzI5MTYwLTE4YzI0YWQ2YWRlNTQ4In0%3D%22%2C%22history_login_id%22%3A%7B%22name%22%3A%22%22%2C%22value%22%3A%22%22%7D%2C%22%24device_id%22%3A%2218c24ad6add243-0700d7c1a2072a-296e4933-329160-18c24ad6ade548%22%7D; __bid_n=18c0fece85060965bac076; evget-_zldp=wu40MeF28%2F9FkGY33FDeWqXYsSHgA7diI%2BI3bC8imgDH8STU%2BKjVbSce1CMH5BQTpRUK595EVd8%3D; Hm_lvt_22321c45e65e66bb8b19b0161e09bf22=1711939005; _ga_9N93WSJWZK=GS1.1.1712047582.5.1.1712047599.0.0.0',
)
[ info ] [ PARAM ] array (
)
[ info ] [ RUN ] app\index\controller\Index->index[ D:\software\phpstudy_pro\WWW\chengyuetp5\application\index\controller\Index.php ]
[ info ] [ DB ] INIT sqlsrv
[ info ] [ VIEW ] D:\software\phpstudy_pro\WWW\chengyuetp5\public/../application/index\view\index\index.html [ array (
  0 => 'result',
  1 => 'title',
  2 => 'keyword',
  3 => 'descrition',
) ]
[ info ] [ LOG ] INIT File
[ sql ] [ DB ] CONNECT:[ UseTime:0.012210s ] sqlsrv:Database=chengyue;Server=localhost,1433
[ sql ] [ SQL ] SELECT   column_name,   data_type,   column_default,   is_nullable
        FROM    information_schema.tables AS t
        JOIN    information_schema.columns AS c
        ON  t.table_catalog = c.table_catalog
        AND t.table_schema  = c.table_schema
        AND t.table_name    = c.table_name
        WHERE   t.table_name = 'UserInfo' [ RunTime:0.024065s ]
[ sql ] [ SQL ] SELECT column_name FROM information_schema.key_column_usage WHERE table_name='UserInfo' [ RunTime:0.045041s ]
[ sql ] [ SQL ] SELECT T1.* FROM (SELECT thinkphp.*, ROW_NUMBER() OVER ( ORDER BY rand()) AS ROW_NUMBER FROM (SELECT  * FROM [UserInfo]) AS thinkphp) AS T1 [ RunTime:0.000843s ]
---------------------------------------------------------------
[ 2024-04-07T15:14:16+08:00 ] 0.0.0.0 GET localhost:8888/
[运行时间：0.096045s] [吞吐率：10.41req/s] [内存消耗：2,697.11kb] [文件加载：42]
[ info ] [ LANG ] D:\software\phpstudy_pro\WWW\chengyuetp5\thinkphp\lang\zh-cn.php
[ info ] [ ROUTE ] array (
  'type' => 'module',
  'module' => 
  array (
    0 => '',
    1 => NULL,
    2 => NULL,
  ),
)
[ info ] [ HEADER ] array (
  'host' => 'localhost:8888',
  'connection' => 'keep-alive',
  'cache-control' => 'max-age=0',
  'sec-ch-ua' => '"Google Chrome";v="123", "Not:A-Brand";v="8", "Chromium";v="123"',
  'sec-ch-ua-mobile' => '?0',
  'sec-ch-ua-platform' => '"Windows"',
  'upgrade-insecure-requests' => '1',
  'user-agent' => 'Mozilla/5.0 (Windows NT 10.0; Win64; x64) AppleWebKit/537.36 (KHTML, like Gecko) Chrome/123.0.0.0 Safari/537.36',
  'accept' => 'text/html,application/xhtml+xml,application/xml;q=0.9,image/avif,image/webp,image/apng,*/*;q=0.8,application/signed-exchange;v=b3;q=0.7',
  'sec-fetch-site' => 'none',
  'sec-fetch-mode' => 'navigate',
  'sec-fetch-user' => '?1',
  'sec-fetch-dest' => 'document',
  'accept-encoding' => 'gzip, deflate, br, zstd',
  'accept-language' => 'zh-CN,zh;q=0.9,sq;q=0.8',
  'cookie' => '_ga=GA1.1.181191000.1701422393; sensorsdata2015jssdkcross=%7B%22distinct_id%22%3A%2218c24ad6add243-0700d7c1a2072a-296e4933-329160-18c24ad6ade548%22%2C%22first_id%22%3A%22%22%2C%22props%22%3A%7B%22%24latest_traffic_source_type%22%3A%22url%E7%9A%84domain%E8%A7%A3%E6%9E%90%E5%A4%B1%E8%B4%A5%22%2C%22%24latest_search_keyword%22%3A%22url%E7%9A%84domain%E8%A7%A3%E6%9E%90%E5%A4%B1%E8%B4%A5%22%2C%22%24latest_referrer%22%3A%22url%E7%9A%84domain%E8%A7%A3%E6%9E%90%E5%A4%B1%E8%B4%A5%22%7D%2C%22identities%22%3A%22eyIkaWRlbnRpdHlfY29va2llX2lkIjoiMThjMjRhZDZhZGQyNDMtMDcwMGQ3YzFhMjA3MmEtMjk2ZTQ5MzMtMzI5MTYwLTE4YzI0YWQ2YWRlNTQ4In0%3D%22%2C%22history_login_id%22%3A%7B%22name%22%3A%22%22%2C%22value%22%3A%22%22%7D%2C%22%24device_id%22%3A%2218c24ad6add243-0700d7c1a2072a-296e4933-329160-18c24ad6ade548%22%7D; __bid_n=18c0fece85060965bac076; evget-_zldp=wu40MeF28%2F9FkGY33FDeWqXYsSHgA7diI%2BI3bC8imgDH8STU%2BKjVbSce1CMH5BQTpRUK595EVd8%3D; Hm_lvt_22321c45e65e66bb8b19b0161e09bf22=1711939005; _ga_9N93WSJWZK=GS1.1.1712047582.5.1.1712047599.0.0.0',
)
[ info ] [ PARAM ] array (
)
[ info ] [ RUN ] app\index\controller\Index->index[ D:\software\phpstudy_pro\WWW\chengyuetp5\application\index\controller\Index.php ]
[ info ] [ DB ] INIT sqlsrv
[ info ] [ VIEW ] D:\software\phpstudy_pro\WWW\chengyuetp5\public/../application/index\view\index\index.html [ array (
  0 => 'result',
  1 => 'title',
  2 => 'keyword',
  3 => 'descrition',
) ]
[ info ] [ LOG ] INIT File
[ sql ] [ DB ] CONNECT:[ UseTime:0.007875s ] sqlsrv:Database=chengyue;Server=localhost,1433
[ sql ] [ SQL ] SELECT   column_name,   data_type,   column_default,   is_nullable
        FROM    information_schema.tables AS t
        JOIN    information_schema.columns AS c
        ON  t.table_catalog = c.table_catalog
        AND t.table_schema  = c.table_schema
        AND t.table_name    = c.table_name
        WHERE   t.table_name = 'UserInfo' [ RunTime:0.022833s ]
[ sql ] [ SQL ] SELECT column_name FROM information_schema.key_column_usage WHERE table_name='UserInfo' [ RunTime:0.044836s ]
[ sql ] [ SQL ] SELECT T1.* FROM (SELECT thinkphp.*, ROW_NUMBER() OVER ( ORDER BY rand()) AS ROW_NUMBER FROM (SELECT  * FROM [UserInfo]) AS thinkphp) AS T1 [ RunTime:0.000912s ]
---------------------------------------------------------------
[ 2024-04-07T15:14:56+08:00 ] 0.0.0.0 GET localhost:8888/
[运行时间：0.018838s] [吞吐率：53.08req/s] [内存消耗：2,698.86kb] [文件加载：42]
[ info ] [ LANG ] D:\software\phpstudy_pro\WWW\chengyuetp5\thinkphp\lang\zh-cn.php
[ info ] [ ROUTE ] array (
  'type' => 'module',
  'module' => 
  array (
    0 => '',
    1 => NULL,
    2 => NULL,
  ),
)
[ info ] [ HEADER ] array (
  'host' => 'localhost:8888',
  'connection' => 'keep-alive',
  'cache-control' => 'max-age=0',
  'sec-ch-ua' => '"Google Chrome";v="123", "Not:A-Brand";v="8", "Chromium";v="123"',
  'sec-ch-ua-mobile' => '?0',
  'sec-ch-ua-platform' => '"Windows"',
  'upgrade-insecure-requests' => '1',
  'user-agent' => 'Mozilla/5.0 (Windows NT 10.0; Win64; x64) AppleWebKit/537.36 (KHTML, like Gecko) Chrome/123.0.0.0 Safari/537.36',
  'accept' => 'text/html,application/xhtml+xml,application/xml;q=0.9,image/avif,image/webp,image/apng,*/*;q=0.8,application/signed-exchange;v=b3;q=0.7',
  'sec-fetch-site' => 'none',
  'sec-fetch-mode' => 'navigate',
  'sec-fetch-user' => '?1',
  'sec-fetch-dest' => 'document',
  'accept-encoding' => 'gzip, deflate, br, zstd',
  'accept-language' => 'zh-CN,zh;q=0.9,sq;q=0.8',
  'cookie' => '_ga=GA1.1.181191000.1701422393; sensorsdata2015jssdkcross=%7B%22distinct_id%22%3A%2218c24ad6add243-0700d7c1a2072a-296e4933-329160-18c24ad6ade548%22%2C%22first_id%22%3A%22%22%2C%22props%22%3A%7B%22%24latest_traffic_source_type%22%3A%22url%E7%9A%84domain%E8%A7%A3%E6%9E%90%E5%A4%B1%E8%B4%A5%22%2C%22%24latest_search_keyword%22%3A%22url%E7%9A%84domain%E8%A7%A3%E6%9E%90%E5%A4%B1%E8%B4%A5%22%2C%22%24latest_referrer%22%3A%22url%E7%9A%84domain%E8%A7%A3%E6%9E%90%E5%A4%B1%E8%B4%A5%22%7D%2C%22identities%22%3A%22eyIkaWRlbnRpdHlfY29va2llX2lkIjoiMThjMjRhZDZhZGQyNDMtMDcwMGQ3YzFhMjA3MmEtMjk2ZTQ5MzMtMzI5MTYwLTE4YzI0YWQ2YWRlNTQ4In0%3D%22%2C%22history_login_id%22%3A%7B%22name%22%3A%22%22%2C%22value%22%3A%22%22%7D%2C%22%24device_id%22%3A%2218c24ad6add243-0700d7c1a2072a-296e4933-329160-18c24ad6ade548%22%7D; __bid_n=18c0fece85060965bac076; evget-_zldp=wu40MeF28%2F9FkGY33FDeWqXYsSHgA7diI%2BI3bC8imgDH8STU%2BKjVbSce1CMH5BQTpRUK595EVd8%3D; Hm_lvt_22321c45e65e66bb8b19b0161e09bf22=1711939005; _ga_9N93WSJWZK=GS1.1.1712047582.5.1.1712047599.0.0.0',
)
[ info ] [ PARAM ] array (
)
[ info ] [ RUN ] app\index\controller\Index->index[ D:\software\phpstudy_pro\WWW\chengyuetp5\application\index\controller\Index.php ]
[ info ] [ DB ] INIT sqlsrv
[ info ] [ VIEW ] D:\software\phpstudy_pro\WWW\chengyuetp5\public/../application/index\view\index\index.html [ array (
  0 => 'result',
  1 => 'title',
  2 => 'keyword',
  3 => 'descrition',
) ]
[ info ] [ LOG ] INIT File
[ sql ] [ DB ] CONNECT:[ UseTime:0.000065s ] sqlsrv:Database=chengyue;Server=localhost,1433
[ sql ] [ SQL ] SELECT   column_name,   data_type,   column_default,   is_nullable
        FROM    information_schema.tables AS t
        JOIN    information_schema.columns AS c
        ON  t.table_catalog = c.table_catalog
        AND t.table_schema  = c.table_schema
        AND t.table_name    = c.table_name
        WHERE   t.table_name = 'UserInfo' [ RunTime:0.000487s ]
[ sql ] [ SQL ] SELECT column_name FROM information_schema.key_column_usage WHERE table_name='UserInfo' [ RunTime:0.000485s ]
[ sql ] [ SQL ] SELECT T1.* FROM (SELECT thinkphp.*, ROW_NUMBER() OVER ( ORDER BY rand()) AS ROW_NUMBER FROM (SELECT  * FROM [UserInfo]) AS thinkphp) AS T1 [ RunTime:0.000263s ]
---------------------------------------------------------------
[ 2024-04-07T15:15:31+08:00 ] 0.0.0.0 GET localhost:8888/
[运行时间：0.087497s] [吞吐率：11.43req/s] [内存消耗：2,526.38kb] [文件加载：40]
[ info ] [ LANG ] D:\software\phpstudy_pro\WWW\chengyuetp5\thinkphp\lang\zh-cn.php
[ info ] [ ROUTE ] array (
  'type' => 'module',
  'module' => 
  array (
    0 => '',
    1 => NULL,
    2 => NULL,
  ),
)
[ info ] [ HEADER ] array (
  'host' => 'localhost:8888',
  'connection' => 'keep-alive',
  'pragma' => 'no-cache',
  'cache-control' => 'no-cache',
  'sec-ch-ua' => '"Google Chrome";v="123", "Not:A-Brand";v="8", "Chromium";v="123"',
  'sec-ch-ua-mobile' => '?0',
  'sec-ch-ua-platform' => '"Windows"',
  'upgrade-insecure-requests' => '1',
  'user-agent' => 'Mozilla/5.0 (Windows NT 10.0; Win64; x64) AppleWebKit/537.36 (KHTML, like Gecko) Chrome/123.0.0.0 Safari/537.36',
  'accept' => 'text/html,application/xhtml+xml,application/xml;q=0.9,image/avif,image/webp,image/apng,*/*;q=0.8,application/signed-exchange;v=b3;q=0.7',
  'sec-fetch-site' => 'none',
  'sec-fetch-mode' => 'navigate',
  'sec-fetch-user' => '?1',
  'sec-fetch-dest' => 'document',
  'accept-encoding' => 'gzip, deflate, br, zstd',
  'accept-language' => 'zh-CN,zh;q=0.9,sq;q=0.8',
  'cookie' => '_ga=GA1.1.181191000.1701422393; sensorsdata2015jssdkcross=%7B%22distinct_id%22%3A%2218c24ad6add243-0700d7c1a2072a-296e4933-329160-18c24ad6ade548%22%2C%22first_id%22%3A%22%22%2C%22props%22%3A%7B%22%24latest_traffic_source_type%22%3A%22url%E7%9A%84domain%E8%A7%A3%E6%9E%90%E5%A4%B1%E8%B4%A5%22%2C%22%24latest_search_keyword%22%3A%22url%E7%9A%84domain%E8%A7%A3%E6%9E%90%E5%A4%B1%E8%B4%A5%22%2C%22%24latest_referrer%22%3A%22url%E7%9A%84domain%E8%A7%A3%E6%9E%90%E5%A4%B1%E8%B4%A5%22%7D%2C%22identities%22%3A%22eyIkaWRlbnRpdHlfY29va2llX2lkIjoiMThjMjRhZDZhZGQyNDMtMDcwMGQ3YzFhMjA3MmEtMjk2ZTQ5MzMtMzI5MTYwLTE4YzI0YWQ2YWRlNTQ4In0%3D%22%2C%22history_login_id%22%3A%7B%22name%22%3A%22%22%2C%22value%22%3A%22%22%7D%2C%22%24device_id%22%3A%2218c24ad6add243-0700d7c1a2072a-296e4933-329160-18c24ad6ade548%22%7D; __bid_n=18c0fece85060965bac076; evget-_zldp=wu40MeF28%2F9FkGY33FDeWqXYsSHgA7diI%2BI3bC8imgDH8STU%2BKjVbSce1CMH5BQTpRUK595EVd8%3D; Hm_lvt_22321c45e65e66bb8b19b0161e09bf22=1711939005; _ga_9N93WSJWZK=GS1.1.1712047582.5.1.1712047599.0.0.0',
)
[ info ] [ PARAM ] array (
)
[ info ] [ RUN ] app\index\controller\Index->index[ D:\software\phpstudy_pro\WWW\chengyuetp5\application\index\controller\Index.php ]
[ info ] [ DB ] INIT sqlsrv
[ info ] [ VIEW ] D:\software\phpstudy_pro\WWW\chengyuetp5\public/../application/index\view\index\index.html [ array (
  0 => 'result',
  1 => 'title',
  2 => 'keyword',
  3 => 'descrition',
) ]
[ info ] [ LOG ] INIT File
[ sql ] [ DB ] CONNECT:[ UseTime:0.000059s ] sqlsrv:Database=chengyue;Server=localhost,1433
[ sql ] [ SQL ] SELECT   column_name,   data_type,   column_default,   is_nullable
        FROM    information_schema.tables AS t
        JOIN    information_schema.columns AS c
        ON  t.table_catalog = c.table_catalog
        AND t.table_schema  = c.table_schema
        AND t.table_name    = c.table_name
        WHERE   t.table_name = 'UserInfo' [ RunTime:0.024555s ]
[ sql ] [ SQL ] SELECT column_name FROM information_schema.key_column_usage WHERE table_name='UserInfo' [ RunTime:0.046163s ]
[ sql ] [ SQL ] SELECT T1.* FROM (SELECT thinkphp.*, ROW_NUMBER() OVER ( ORDER BY rand()) AS ROW_NUMBER FROM (SELECT  * FROM [UserInfo]) AS thinkphp) AS T1 [ RunTime:0.000872s ]
---------------------------------------------------------------
[ 2024-04-07T15:34:37+08:00 ] 0.0.0.0 GET localhost:8888/
[运行时间：0.097322s] [吞吐率：10.28req/s] [内存消耗：2,698.86kb] [文件加载：42]
[ info ] [ LANG ] D:\software\phpstudy_pro\WWW\chengyuetp5\thinkphp\lang\zh-cn.php
[ info ] [ ROUTE ] array (
  'type' => 'module',
  'module' => 
  array (
    0 => '',
    1 => NULL,
    2 => NULL,
  ),
)
[ info ] [ HEADER ] array (
  'host' => 'localhost:8888',
  'connection' => 'keep-alive',
  'cache-control' => 'max-age=0',
  'sec-ch-ua' => '"Google Chrome";v="123", "Not:A-Brand";v="8", "Chromium";v="123"',
  'sec-ch-ua-mobile' => '?0',
  'sec-ch-ua-platform' => '"Windows"',
  'upgrade-insecure-requests' => '1',
  'user-agent' => 'Mozilla/5.0 (Windows NT 10.0; Win64; x64) AppleWebKit/537.36 (KHTML, like Gecko) Chrome/123.0.0.0 Safari/537.36',
  'accept' => 'text/html,application/xhtml+xml,application/xml;q=0.9,image/avif,image/webp,image/apng,*/*;q=0.8,application/signed-exchange;v=b3;q=0.7',
  'sec-fetch-site' => 'none',
  'sec-fetch-mode' => 'navigate',
  'sec-fetch-user' => '?1',
  'sec-fetch-dest' => 'document',
  'accept-encoding' => 'gzip, deflate, br, zstd',
  'accept-language' => 'zh-CN,zh;q=0.9,sq;q=0.8',
  'cookie' => '_ga=GA1.1.181191000.1701422393; sensorsdata2015jssdkcross=%7B%22distinct_id%22%3A%2218c24ad6add243-0700d7c1a2072a-296e4933-329160-18c24ad6ade548%22%2C%22first_id%22%3A%22%22%2C%22props%22%3A%7B%22%24latest_traffic_source_type%22%3A%22url%E7%9A%84domain%E8%A7%A3%E6%9E%90%E5%A4%B1%E8%B4%A5%22%2C%22%24latest_search_keyword%22%3A%22url%E7%9A%84domain%E8%A7%A3%E6%9E%90%E5%A4%B1%E8%B4%A5%22%2C%22%24latest_referrer%22%3A%22url%E7%9A%84domain%E8%A7%A3%E6%9E%90%E5%A4%B1%E8%B4%A5%22%7D%2C%22identities%22%3A%22eyIkaWRlbnRpdHlfY29va2llX2lkIjoiMThjMjRhZDZhZGQyNDMtMDcwMGQ3YzFhMjA3MmEtMjk2ZTQ5MzMtMzI5MTYwLTE4YzI0YWQ2YWRlNTQ4In0%3D%22%2C%22history_login_id%22%3A%7B%22name%22%3A%22%22%2C%22value%22%3A%22%22%7D%2C%22%24device_id%22%3A%2218c24ad6add243-0700d7c1a2072a-296e4933-329160-18c24ad6ade548%22%7D; __bid_n=18c0fece85060965bac076; evget-_zldp=wu40MeF28%2F9FkGY33FDeWqXYsSHgA7diI%2BI3bC8imgDH8STU%2BKjVbSce1CMH5BQTpRUK595EVd8%3D; Hm_lvt_22321c45e65e66bb8b19b0161e09bf22=1711939005; _ga_9N93WSJWZK=GS1.1.1712047582.5.1.1712047599.0.0.0',
)
[ info ] [ PARAM ] array (
)
[ info ] [ RUN ] app\index\controller\Index->index[ D:\software\phpstudy_pro\WWW\chengyuetp5\application\index\controller\Index.php ]
[ info ] [ DB ] INIT sqlsrv
[ info ] [ VIEW ] D:\software\phpstudy_pro\WWW\chengyuetp5\public/../application/index\view\index\index.html [ array (
  0 => 'result',
  1 => 'title',
  2 => 'keyword',
  3 => 'descrition',
) ]
[ info ] [ LOG ] INIT File
[ sql ] [ DB ] CONNECT:[ UseTime:0.007718s ] sqlsrv:Database=chengyue;Server=localhost,1433
[ sql ] [ SQL ] SELECT   column_name,   data_type,   column_default,   is_nullable
        FROM    information_schema.tables AS t
        JOIN    information_schema.columns AS c
        ON  t.table_catalog = c.table_catalog
        AND t.table_schema  = c.table_schema
        AND t.table_name    = c.table_name
        WHERE   t.table_name = 'UserInfo' [ RunTime:0.023036s ]
[ sql ] [ SQL ] SELECT column_name FROM information_schema.key_column_usage WHERE table_name='UserInfo' [ RunTime:0.045345s ]
[ sql ] [ SQL ] SELECT T1.* FROM (SELECT thinkphp.*, ROW_NUMBER() OVER ( ORDER BY rand()) AS ROW_NUMBER FROM (SELECT  * FROM [UserInfo]) AS thinkphp) AS T1 [ RunTime:0.000855s ]
---------------------------------------------------------------
[ 2024-04-07T15:39:08+08:00 ] 0.0.0.0 GET localhost:8888/
[运行时间：0.097523s] [吞吐率：10.25req/s] [内存消耗：2,699.36kb] [文件加载：42]
[ info ] [ LANG ] D:\software\phpstudy_pro\WWW\chengyuetp5\thinkphp\lang\zh-cn.php
[ info ] [ ROUTE ] array (
  'type' => 'module',
  'module' => 
  array (
    0 => '',
    1 => NULL,
    2 => NULL,
  ),
)
[ info ] [ HEADER ] array (
  'host' => 'localhost:8888',
  'connection' => 'keep-alive',
  'cache-control' => 'max-age=0',
  'sec-ch-ua' => '"Google Chrome";v="123", "Not:A-Brand";v="8", "Chromium";v="123"',
  'sec-ch-ua-mobile' => '?0',
  'sec-ch-ua-platform' => '"Windows"',
  'upgrade-insecure-requests' => '1',
  'user-agent' => 'Mozilla/5.0 (Windows NT 10.0; Win64; x64) AppleWebKit/537.36 (KHTML, like Gecko) Chrome/123.0.0.0 Safari/537.36',
  'accept' => 'text/html,application/xhtml+xml,application/xml;q=0.9,image/avif,image/webp,image/apng,*/*;q=0.8,application/signed-exchange;v=b3;q=0.7',
  'sec-fetch-site' => 'none',
  'sec-fetch-mode' => 'navigate',
  'sec-fetch-user' => '?1',
  'sec-fetch-dest' => 'document',
  'accept-encoding' => 'gzip, deflate, br, zstd',
  'accept-language' => 'zh-CN,zh;q=0.9,sq;q=0.8',
  'cookie' => '_ga=GA1.1.181191000.1701422393; sensorsdata2015jssdkcross=%7B%22distinct_id%22%3A%2218c24ad6add243-0700d7c1a2072a-296e4933-329160-18c24ad6ade548%22%2C%22first_id%22%3A%22%22%2C%22props%22%3A%7B%22%24latest_traffic_source_type%22%3A%22url%E7%9A%84domain%E8%A7%A3%E6%9E%90%E5%A4%B1%E8%B4%A5%22%2C%22%24latest_search_keyword%22%3A%22url%E7%9A%84domain%E8%A7%A3%E6%9E%90%E5%A4%B1%E8%B4%A5%22%2C%22%24latest_referrer%22%3A%22url%E7%9A%84domain%E8%A7%A3%E6%9E%90%E5%A4%B1%E8%B4%A5%22%7D%2C%22identities%22%3A%22eyIkaWRlbnRpdHlfY29va2llX2lkIjoiMThjMjRhZDZhZGQyNDMtMDcwMGQ3YzFhMjA3MmEtMjk2ZTQ5MzMtMzI5MTYwLTE4YzI0YWQ2YWRlNTQ4In0%3D%22%2C%22history_login_id%22%3A%7B%22name%22%3A%22%22%2C%22value%22%3A%22%22%7D%2C%22%24device_id%22%3A%2218c24ad6add243-0700d7c1a2072a-296e4933-329160-18c24ad6ade548%22%7D; __bid_n=18c0fece85060965bac076; evget-_zldp=wu40MeF28%2F9FkGY33FDeWqXYsSHgA7diI%2BI3bC8imgDH8STU%2BKjVbSce1CMH5BQTpRUK595EVd8%3D; Hm_lvt_22321c45e65e66bb8b19b0161e09bf22=1711939005; _ga_9N93WSJWZK=GS1.1.1712047582.5.1.1712047599.0.0.0',
)
[ info ] [ PARAM ] array (
)
[ info ] [ RUN ] app\index\controller\Index->index[ D:\software\phpstudy_pro\WWW\chengyuetp5\application\index\controller\Index.php ]
[ info ] [ DB ] INIT sqlsrv
[ info ] [ VIEW ] D:\software\phpstudy_pro\WWW\chengyuetp5\public/../application/index\view\index\index.html [ array (
  0 => 'result',
  1 => 'title',
  2 => 'keyword',
  3 => 'descrition',
) ]
[ info ] [ LOG ] INIT File
[ sql ] [ DB ] CONNECT:[ UseTime:0.007437s ] sqlsrv:Database=chengyue;Server=localhost,1433
[ sql ] [ SQL ] SELECT   column_name,   data_type,   column_default,   is_nullable
        FROM    information_schema.tables AS t
        JOIN    information_schema.columns AS c
        ON  t.table_catalog = c.table_catalog
        AND t.table_schema  = c.table_schema
        AND t.table_name    = c.table_name
        WHERE   t.table_name = 'UserInfo' [ RunTime:0.022871s ]
[ sql ] [ SQL ] SELECT column_name FROM information_schema.key_column_usage WHERE table_name='UserInfo' [ RunTime:0.045468s ]
[ sql ] [ SQL ] SELECT T1.* FROM (SELECT thinkphp.*, ROW_NUMBER() OVER ( ORDER BY rand()) AS ROW_NUMBER FROM (SELECT  * FROM [UserInfo]) AS thinkphp) AS T1 [ RunTime:0.001025s ]
---------------------------------------------------------------
[ 2024-04-07T15:47:07+08:00 ] 0.0.0.0 GET localhost:8888/
[运行时间：0.096466s] [吞吐率：10.37req/s] [内存消耗：2,525.68kb] [文件加载：40]
[ info ] [ LANG ] D:\software\phpstudy_pro\WWW\chengyuetp5\thinkphp\lang\zh-cn.php
[ info ] [ ROUTE ] array (
  'type' => 'module',
  'module' => 
  array (
    0 => '',
    1 => NULL,
    2 => NULL,
  ),
)
[ info ] [ HEADER ] array (
  'host' => 'localhost:8888',
  'connection' => 'keep-alive',
  'cache-control' => 'max-age=0',
  'sec-ch-ua' => '"Google Chrome";v="123", "Not:A-Brand";v="8", "Chromium";v="123"',
  'sec-ch-ua-mobile' => '?0',
  'sec-ch-ua-platform' => '"Windows"',
  'upgrade-insecure-requests' => '1',
  'user-agent' => 'Mozilla/5.0 (Windows NT 10.0; Win64; x64) AppleWebKit/537.36 (KHTML, like Gecko) Chrome/123.0.0.0 Safari/537.36',
  'accept' => 'text/html,application/xhtml+xml,application/xml;q=0.9,image/avif,image/webp,image/apng,*/*;q=0.8,application/signed-exchange;v=b3;q=0.7',
  'sec-fetch-site' => 'none',
  'sec-fetch-mode' => 'navigate',
  'sec-fetch-user' => '?1',
  'sec-fetch-dest' => 'document',
  'accept-encoding' => 'gzip, deflate, br, zstd',
  'accept-language' => 'zh-CN,zh;q=0.9,sq;q=0.8',
  'cookie' => '_ga=GA1.1.181191000.1701422393; sensorsdata2015jssdkcross=%7B%22distinct_id%22%3A%2218c24ad6add243-0700d7c1a2072a-296e4933-329160-18c24ad6ade548%22%2C%22first_id%22%3A%22%22%2C%22props%22%3A%7B%22%24latest_traffic_source_type%22%3A%22url%E7%9A%84domain%E8%A7%A3%E6%9E%90%E5%A4%B1%E8%B4%A5%22%2C%22%24latest_search_keyword%22%3A%22url%E7%9A%84domain%E8%A7%A3%E6%9E%90%E5%A4%B1%E8%B4%A5%22%2C%22%24latest_referrer%22%3A%22url%E7%9A%84domain%E8%A7%A3%E6%9E%90%E5%A4%B1%E8%B4%A5%22%7D%2C%22identities%22%3A%22eyIkaWRlbnRpdHlfY29va2llX2lkIjoiMThjMjRhZDZhZGQyNDMtMDcwMGQ3YzFhMjA3MmEtMjk2ZTQ5MzMtMzI5MTYwLTE4YzI0YWQ2YWRlNTQ4In0%3D%22%2C%22history_login_id%22%3A%7B%22name%22%3A%22%22%2C%22value%22%3A%22%22%7D%2C%22%24device_id%22%3A%2218c24ad6add243-0700d7c1a2072a-296e4933-329160-18c24ad6ade548%22%7D; __bid_n=18c0fece85060965bac076; evget-_zldp=wu40MeF28%2F9FkGY33FDeWqXYsSHgA7diI%2BI3bC8imgDH8STU%2BKjVbSce1CMH5BQTpRUK595EVd8%3D; Hm_lvt_22321c45e65e66bb8b19b0161e09bf22=1711939005; _ga_9N93WSJWZK=GS1.1.1712047582.5.1.1712047599.0.0.0',
)
[ info ] [ PARAM ] array (
)
[ info ] [ RUN ] app\index\controller\Index->index[ D:\software\phpstudy_pro\WWW\chengyuetp5\application\index\controller\Index.php ]
[ info ] [ DB ] INIT sqlsrv
[ info ] [ VIEW ] D:\software\phpstudy_pro\WWW\chengyuetp5\public/../application/index\view\index\index.html [ array (
  0 => 'result',
  1 => 'title',
  2 => 'keyword',
  3 => 'descrition',
) ]
[ info ] [ LOG ] INIT File
[ sql ] [ DB ] CONNECT:[ UseTime:0.007465s ] sqlsrv:Database=chengyue;Server=localhost,1433
[ sql ] [ SQL ] SELECT   column_name,   data_type,   column_default,   is_nullable
        FROM    information_schema.tables AS t
        JOIN    information_schema.columns AS c
        ON  t.table_catalog = c.table_catalog
        AND t.table_schema  = c.table_schema
        AND t.table_name    = c.table_name
        WHERE   t.table_name = 'UserInfo' [ RunTime:0.024502s ]
[ sql ] [ SQL ] SELECT column_name FROM information_schema.key_column_usage WHERE table_name='UserInfo' [ RunTime:0.044690s ]
[ sql ] [ SQL ] SELECT T1.* FROM (SELECT thinkphp.*, ROW_NUMBER() OVER ( ORDER BY rand()) AS ROW_NUMBER FROM (SELECT  * FROM [UserInfo]) AS thinkphp) AS T1 [ RunTime:0.000785s ]
---------------------------------------------------------------
[ 2024-04-07T15:49:36+08:00 ] 0.0.0.0 GET localhost:8888/
[运行时间：0.098101s] [吞吐率：10.19req/s] [内存消耗：2,525.68kb] [文件加载：40]
[ info ] [ LANG ] D:\software\phpstudy_pro\WWW\chengyuetp5\thinkphp\lang\zh-cn.php
[ info ] [ ROUTE ] array (
  'type' => 'module',
  'module' => 
  array (
    0 => '',
    1 => NULL,
    2 => NULL,
  ),
)
[ info ] [ HEADER ] array (
  'host' => 'localhost:8888',
  'connection' => 'keep-alive',
  'cache-control' => 'max-age=0',
  'sec-ch-ua' => '"Google Chrome";v="123", "Not:A-Brand";v="8", "Chromium";v="123"',
  'sec-ch-ua-mobile' => '?0',
  'sec-ch-ua-platform' => '"Windows"',
  'upgrade-insecure-requests' => '1',
  'user-agent' => 'Mozilla/5.0 (Windows NT 10.0; Win64; x64) AppleWebKit/537.36 (KHTML, like Gecko) Chrome/123.0.0.0 Safari/537.36',
  'accept' => 'text/html,application/xhtml+xml,application/xml;q=0.9,image/avif,image/webp,image/apng,*/*;q=0.8,application/signed-exchange;v=b3;q=0.7',
  'sec-fetch-site' => 'none',
  'sec-fetch-mode' => 'navigate',
  'sec-fetch-user' => '?1',
  'sec-fetch-dest' => 'document',
  'accept-encoding' => 'gzip, deflate, br, zstd',
  'accept-language' => 'zh-CN,zh;q=0.9,sq;q=0.8',
  'cookie' => '_ga=GA1.1.181191000.1701422393; sensorsdata2015jssdkcross=%7B%22distinct_id%22%3A%2218c24ad6add243-0700d7c1a2072a-296e4933-329160-18c24ad6ade548%22%2C%22first_id%22%3A%22%22%2C%22props%22%3A%7B%22%24latest_traffic_source_type%22%3A%22url%E7%9A%84domain%E8%A7%A3%E6%9E%90%E5%A4%B1%E8%B4%A5%22%2C%22%24latest_search_keyword%22%3A%22url%E7%9A%84domain%E8%A7%A3%E6%9E%90%E5%A4%B1%E8%B4%A5%22%2C%22%24latest_referrer%22%3A%22url%E7%9A%84domain%E8%A7%A3%E6%9E%90%E5%A4%B1%E8%B4%A5%22%7D%2C%22identities%22%3A%22eyIkaWRlbnRpdHlfY29va2llX2lkIjoiMThjMjRhZDZhZGQyNDMtMDcwMGQ3YzFhMjA3MmEtMjk2ZTQ5MzMtMzI5MTYwLTE4YzI0YWQ2YWRlNTQ4In0%3D%22%2C%22history_login_id%22%3A%7B%22name%22%3A%22%22%2C%22value%22%3A%22%22%7D%2C%22%24device_id%22%3A%2218c24ad6add243-0700d7c1a2072a-296e4933-329160-18c24ad6ade548%22%7D; __bid_n=18c0fece85060965bac076; evget-_zldp=wu40MeF28%2F9FkGY33FDeWqXYsSHgA7diI%2BI3bC8imgDH8STU%2BKjVbSce1CMH5BQTpRUK595EVd8%3D; Hm_lvt_22321c45e65e66bb8b19b0161e09bf22=1711939005; _ga_9N93WSJWZK=GS1.1.1712047582.5.1.1712047599.0.0.0',
)
[ info ] [ PARAM ] array (
)
[ info ] [ RUN ] app\index\controller\Index->index[ D:\software\phpstudy_pro\WWW\chengyuetp5\application\index\controller\Index.php ]
[ info ] [ DB ] INIT sqlsrv
[ info ] [ VIEW ] D:\software\phpstudy_pro\WWW\chengyuetp5\public/../application/index\view\index\index.html [ array (
  0 => 'result',
  1 => 'title',
  2 => 'keyword',
  3 => 'descrition',
) ]
[ info ] [ LOG ] INIT File
[ sql ] [ DB ] CONNECT:[ UseTime:0.009292s ] sqlsrv:Database=chengyue;Server=localhost,1433
[ sql ] [ SQL ] SELECT   column_name,   data_type,   column_default,   is_nullable
        FROM    information_schema.tables AS t
        JOIN    information_schema.columns AS c
        ON  t.table_catalog = c.table_catalog
        AND t.table_schema  = c.table_schema
        AND t.table_name    = c.table_name
        WHERE   t.table_name = 'UserInfo' [ RunTime:0.023159s ]
[ sql ] [ SQL ] SELECT column_name FROM information_schema.key_column_usage WHERE table_name='UserInfo' [ RunTime:0.045313s ]
[ sql ] [ SQL ] SELECT T1.* FROM (SELECT thinkphp.*, ROW_NUMBER() OVER ( ORDER BY rand()) AS ROW_NUMBER FROM (SELECT  * FROM [UserInfo]) AS thinkphp) AS T1 [ RunTime:0.000899s ]
---------------------------------------------------------------
[ 2024-04-07T15:49:38+08:00 ] 0.0.0.0 GET localhost:8888/
[运行时间：0.018944s] [吞吐率：52.79req/s] [内存消耗：2,525.68kb] [文件加载：40]
[ info ] [ LANG ] D:\software\phpstudy_pro\WWW\chengyuetp5\thinkphp\lang\zh-cn.php
[ info ] [ ROUTE ] array (
  'type' => 'module',
  'module' => 
  array (
    0 => '',
    1 => NULL,
    2 => NULL,
  ),
)
[ info ] [ HEADER ] array (
  'host' => 'localhost:8888',
  'connection' => 'keep-alive',
  'cache-control' => 'max-age=0',
  'sec-ch-ua' => '"Google Chrome";v="123", "Not:A-Brand";v="8", "Chromium";v="123"',
  'sec-ch-ua-mobile' => '?0',
  'sec-ch-ua-platform' => '"Windows"',
  'upgrade-insecure-requests' => '1',
  'user-agent' => 'Mozilla/5.0 (Windows NT 10.0; Win64; x64) AppleWebKit/537.36 (KHTML, like Gecko) Chrome/123.0.0.0 Safari/537.36',
  'accept' => 'text/html,application/xhtml+xml,application/xml;q=0.9,image/avif,image/webp,image/apng,*/*;q=0.8,application/signed-exchange;v=b3;q=0.7',
  'sec-fetch-site' => 'none',
  'sec-fetch-mode' => 'navigate',
  'sec-fetch-user' => '?1',
  'sec-fetch-dest' => 'document',
  'accept-encoding' => 'gzip, deflate, br, zstd',
  'accept-language' => 'zh-CN,zh;q=0.9,sq;q=0.8',
  'cookie' => '_ga=GA1.1.181191000.1701422393; sensorsdata2015jssdkcross=%7B%22distinct_id%22%3A%2218c24ad6add243-0700d7c1a2072a-296e4933-329160-18c24ad6ade548%22%2C%22first_id%22%3A%22%22%2C%22props%22%3A%7B%22%24latest_traffic_source_type%22%3A%22url%E7%9A%84domain%E8%A7%A3%E6%9E%90%E5%A4%B1%E8%B4%A5%22%2C%22%24latest_search_keyword%22%3A%22url%E7%9A%84domain%E8%A7%A3%E6%9E%90%E5%A4%B1%E8%B4%A5%22%2C%22%24latest_referrer%22%3A%22url%E7%9A%84domain%E8%A7%A3%E6%9E%90%E5%A4%B1%E8%B4%A5%22%7D%2C%22identities%22%3A%22eyIkaWRlbnRpdHlfY29va2llX2lkIjoiMThjMjRhZDZhZGQyNDMtMDcwMGQ3YzFhMjA3MmEtMjk2ZTQ5MzMtMzI5MTYwLTE4YzI0YWQ2YWRlNTQ4In0%3D%22%2C%22history_login_id%22%3A%7B%22name%22%3A%22%22%2C%22value%22%3A%22%22%7D%2C%22%24device_id%22%3A%2218c24ad6add243-0700d7c1a2072a-296e4933-329160-18c24ad6ade548%22%7D; __bid_n=18c0fece85060965bac076; evget-_zldp=wu40MeF28%2F9FkGY33FDeWqXYsSHgA7diI%2BI3bC8imgDH8STU%2BKjVbSce1CMH5BQTpRUK595EVd8%3D; Hm_lvt_22321c45e65e66bb8b19b0161e09bf22=1711939005; _ga_9N93WSJWZK=GS1.1.1712047582.5.1.1712047599.0.0.0',
)
[ info ] [ PARAM ] array (
)
[ info ] [ RUN ] app\index\controller\Index->index[ D:\software\phpstudy_pro\WWW\chengyuetp5\application\index\controller\Index.php ]
[ info ] [ DB ] INIT sqlsrv
[ info ] [ VIEW ] D:\software\phpstudy_pro\WWW\chengyuetp5\public/../application/index\view\index\index.html [ array (
  0 => 'result',
  1 => 'title',
  2 => 'keyword',
  3 => 'descrition',
) ]
[ info ] [ LOG ] INIT File
[ sql ] [ DB ] CONNECT:[ UseTime:0.000179s ] sqlsrv:Database=chengyue;Server=localhost,1433
[ sql ] [ SQL ] SELECT   column_name,   data_type,   column_default,   is_nullable
        FROM    information_schema.tables AS t
        JOIN    information_schema.columns AS c
        ON  t.table_catalog = c.table_catalog
        AND t.table_schema  = c.table_schema
        AND t.table_name    = c.table_name
        WHERE   t.table_name = 'UserInfo' [ RunTime:0.000847s ]
[ sql ] [ SQL ] SELECT column_name FROM information_schema.key_column_usage WHERE table_name='UserInfo' [ RunTime:0.000528s ]
[ sql ] [ SQL ] SELECT T1.* FROM (SELECT thinkphp.*, ROW_NUMBER() OVER ( ORDER BY rand()) AS ROW_NUMBER FROM (SELECT  * FROM [UserInfo]) AS thinkphp) AS T1 [ RunTime:0.000377s ]
---------------------------------------------------------------
[ 2024-04-07T15:49:39+08:00 ] 0.0.0.0 GET localhost:8888/
[运行时间：0.018230s] [吞吐率：54.85req/s] [内存消耗：2,525.68kb] [文件加载：40]
[ info ] [ LANG ] D:\software\phpstudy_pro\WWW\chengyuetp5\thinkphp\lang\zh-cn.php
[ info ] [ ROUTE ] array (
  'type' => 'module',
  'module' => 
  array (
    0 => '',
    1 => NULL,
    2 => NULL,
  ),
)
[ info ] [ HEADER ] array (
  'host' => 'localhost:8888',
  'connection' => 'keep-alive',
  'cache-control' => 'max-age=0',
  'sec-ch-ua' => '"Google Chrome";v="123", "Not:A-Brand";v="8", "Chromium";v="123"',
  'sec-ch-ua-mobile' => '?0',
  'sec-ch-ua-platform' => '"Windows"',
  'upgrade-insecure-requests' => '1',
  'user-agent' => 'Mozilla/5.0 (Windows NT 10.0; Win64; x64) AppleWebKit/537.36 (KHTML, like Gecko) Chrome/123.0.0.0 Safari/537.36',
  'accept' => 'text/html,application/xhtml+xml,application/xml;q=0.9,image/avif,image/webp,image/apng,*/*;q=0.8,application/signed-exchange;v=b3;q=0.7',
  'sec-fetch-site' => 'none',
  'sec-fetch-mode' => 'navigate',
  'sec-fetch-user' => '?1',
  'sec-fetch-dest' => 'document',
  'accept-encoding' => 'gzip, deflate, br, zstd',
  'accept-language' => 'zh-CN,zh;q=0.9,sq;q=0.8',
  'cookie' => '_ga=GA1.1.181191000.1701422393; sensorsdata2015jssdkcross=%7B%22distinct_id%22%3A%2218c24ad6add243-0700d7c1a2072a-296e4933-329160-18c24ad6ade548%22%2C%22first_id%22%3A%22%22%2C%22props%22%3A%7B%22%24latest_traffic_source_type%22%3A%22url%E7%9A%84domain%E8%A7%A3%E6%9E%90%E5%A4%B1%E8%B4%A5%22%2C%22%24latest_search_keyword%22%3A%22url%E7%9A%84domain%E8%A7%A3%E6%9E%90%E5%A4%B1%E8%B4%A5%22%2C%22%24latest_referrer%22%3A%22url%E7%9A%84domain%E8%A7%A3%E6%9E%90%E5%A4%B1%E8%B4%A5%22%7D%2C%22identities%22%3A%22eyIkaWRlbnRpdHlfY29va2llX2lkIjoiMThjMjRhZDZhZGQyNDMtMDcwMGQ3YzFhMjA3MmEtMjk2ZTQ5MzMtMzI5MTYwLTE4YzI0YWQ2YWRlNTQ4In0%3D%22%2C%22history_login_id%22%3A%7B%22name%22%3A%22%22%2C%22value%22%3A%22%22%7D%2C%22%24device_id%22%3A%2218c24ad6add243-0700d7c1a2072a-296e4933-329160-18c24ad6ade548%22%7D; __bid_n=18c0fece85060965bac076; evget-_zldp=wu40MeF28%2F9FkGY33FDeWqXYsSHgA7diI%2BI3bC8imgDH8STU%2BKjVbSce1CMH5BQTpRUK595EVd8%3D; Hm_lvt_22321c45e65e66bb8b19b0161e09bf22=1711939005; _ga_9N93WSJWZK=GS1.1.1712047582.5.1.1712047599.0.0.0',
)
[ info ] [ PARAM ] array (
)
[ info ] [ RUN ] app\index\controller\Index->index[ D:\software\phpstudy_pro\WWW\chengyuetp5\application\index\controller\Index.php ]
[ info ] [ DB ] INIT sqlsrv
[ info ] [ VIEW ] D:\software\phpstudy_pro\WWW\chengyuetp5\public/../application/index\view\index\index.html [ array (
  0 => 'result',
  1 => 'title',
  2 => 'keyword',
  3 => 'descrition',
) ]
[ info ] [ LOG ] INIT File
[ sql ] [ DB ] CONNECT:[ UseTime:0.000057s ] sqlsrv:Database=chengyue;Server=localhost,1433
[ sql ] [ SQL ] SELECT   column_name,   data_type,   column_default,   is_nullable
        FROM    information_schema.tables AS t
        JOIN    information_schema.columns AS c
        ON  t.table_catalog = c.table_catalog
        AND t.table_schema  = c.table_schema
        AND t.table_name    = c.table_name
        WHERE   t.table_name = 'UserInfo' [ RunTime:0.000548s ]
[ sql ] [ SQL ] SELECT column_name FROM information_schema.key_column_usage WHERE table_name='UserInfo' [ RunTime:0.000624s ]
[ sql ] [ SQL ] SELECT T1.* FROM (SELECT thinkphp.*, ROW_NUMBER() OVER ( ORDER BY rand()) AS ROW_NUMBER FROM (SELECT  * FROM [UserInfo]) AS thinkphp) AS T1 [ RunTime:0.000463s ]
---------------------------------------------------------------
[ 2024-04-07T15:49:40+08:00 ] 0.0.0.0 GET localhost:8888/
[运行时间：0.018922s] [吞吐率：52.85req/s] [内存消耗：2,525.68kb] [文件加载：40]
[ info ] [ LANG ] D:\software\phpstudy_pro\WWW\chengyuetp5\thinkphp\lang\zh-cn.php
[ info ] [ ROUTE ] array (
  'type' => 'module',
  'module' => 
  array (
    0 => '',
    1 => NULL,
    2 => NULL,
  ),
)
[ info ] [ HEADER ] array (
  'host' => 'localhost:8888',
  'connection' => 'keep-alive',
  'cache-control' => 'max-age=0',
  'sec-ch-ua' => '"Google Chrome";v="123", "Not:A-Brand";v="8", "Chromium";v="123"',
  'sec-ch-ua-mobile' => '?0',
  'sec-ch-ua-platform' => '"Windows"',
  'upgrade-insecure-requests' => '1',
  'user-agent' => 'Mozilla/5.0 (Windows NT 10.0; Win64; x64) AppleWebKit/537.36 (KHTML, like Gecko) Chrome/123.0.0.0 Safari/537.36',
  'accept' => 'text/html,application/xhtml+xml,application/xml;q=0.9,image/avif,image/webp,image/apng,*/*;q=0.8,application/signed-exchange;v=b3;q=0.7',
  'sec-fetch-site' => 'none',
  'sec-fetch-mode' => 'navigate',
  'sec-fetch-user' => '?1',
  'sec-fetch-dest' => 'document',
  'accept-encoding' => 'gzip, deflate, br, zstd',
  'accept-language' => 'zh-CN,zh;q=0.9,sq;q=0.8',
  'cookie' => '_ga=GA1.1.181191000.1701422393; sensorsdata2015jssdkcross=%7B%22distinct_id%22%3A%2218c24ad6add243-0700d7c1a2072a-296e4933-329160-18c24ad6ade548%22%2C%22first_id%22%3A%22%22%2C%22props%22%3A%7B%22%24latest_traffic_source_type%22%3A%22url%E7%9A%84domain%E8%A7%A3%E6%9E%90%E5%A4%B1%E8%B4%A5%22%2C%22%24latest_search_keyword%22%3A%22url%E7%9A%84domain%E8%A7%A3%E6%9E%90%E5%A4%B1%E8%B4%A5%22%2C%22%24latest_referrer%22%3A%22url%E7%9A%84domain%E8%A7%A3%E6%9E%90%E5%A4%B1%E8%B4%A5%22%7D%2C%22identities%22%3A%22eyIkaWRlbnRpdHlfY29va2llX2lkIjoiMThjMjRhZDZhZGQyNDMtMDcwMGQ3YzFhMjA3MmEtMjk2ZTQ5MzMtMzI5MTYwLTE4YzI0YWQ2YWRlNTQ4In0%3D%22%2C%22history_login_id%22%3A%7B%22name%22%3A%22%22%2C%22value%22%3A%22%22%7D%2C%22%24device_id%22%3A%2218c24ad6add243-0700d7c1a2072a-296e4933-329160-18c24ad6ade548%22%7D; __bid_n=18c0fece85060965bac076; evget-_zldp=wu40MeF28%2F9FkGY33FDeWqXYsSHgA7diI%2BI3bC8imgDH8STU%2BKjVbSce1CMH5BQTpRUK595EVd8%3D; Hm_lvt_22321c45e65e66bb8b19b0161e09bf22=1711939005; _ga_9N93WSJWZK=GS1.1.1712047582.5.1.1712047599.0.0.0',
)
[ info ] [ PARAM ] array (
)
[ info ] [ RUN ] app\index\controller\Index->index[ D:\software\phpstudy_pro\WWW\chengyuetp5\application\index\controller\Index.php ]
[ info ] [ DB ] INIT sqlsrv
[ info ] [ VIEW ] D:\software\phpstudy_pro\WWW\chengyuetp5\public/../application/index\view\index\index.html [ array (
  0 => 'result',
  1 => 'title',
  2 => 'keyword',
  3 => 'descrition',
) ]
[ info ] [ LOG ] INIT File
[ sql ] [ DB ] CONNECT:[ UseTime:0.000197s ] sqlsrv:Database=chengyue;Server=localhost,1433
[ sql ] [ SQL ] SELECT   column_name,   data_type,   column_default,   is_nullable
        FROM    information_schema.tables AS t
        JOIN    information_schema.columns AS c
        ON  t.table_catalog = c.table_catalog
        AND t.table_schema  = c.table_schema
        AND t.table_name    = c.table_name
        WHERE   t.table_name = 'UserInfo' [ RunTime:0.000725s ]
[ sql ] [ SQL ] SELECT column_name FROM information_schema.key_column_usage WHERE table_name='UserInfo' [ RunTime:0.000498s ]
[ sql ] [ SQL ] SELECT T1.* FROM (SELECT thinkphp.*, ROW_NUMBER() OVER ( ORDER BY rand()) AS ROW_NUMBER FROM (SELECT  * FROM [UserInfo]) AS thinkphp) AS T1 [ RunTime:0.000311s ]
---------------------------------------------------------------
[ 2024-04-07T15:49:58+08:00 ] 0.0.0.0 GET localhost:8888/
[运行时间：0.021401s] [吞吐率：46.73req/s] [内存消耗：2,699.42kb] [文件加载：42]
[ info ] [ LANG ] D:\software\phpstudy_pro\WWW\chengyuetp5\thinkphp\lang\zh-cn.php
[ info ] [ ROUTE ] array (
  'type' => 'module',
  'module' => 
  array (
    0 => '',
    1 => NULL,
    2 => NULL,
  ),
)
[ info ] [ HEADER ] array (
  'host' => 'localhost:8888',
  'connection' => 'keep-alive',
  'cache-control' => 'max-age=0',
  'sec-ch-ua' => '"Google Chrome";v="123", "Not:A-Brand";v="8", "Chromium";v="123"',
  'sec-ch-ua-mobile' => '?0',
  'sec-ch-ua-platform' => '"Windows"',
  'upgrade-insecure-requests' => '1',
  'user-agent' => 'Mozilla/5.0 (Windows NT 10.0; Win64; x64) AppleWebKit/537.36 (KHTML, like Gecko) Chrome/123.0.0.0 Safari/537.36',
  'accept' => 'text/html,application/xhtml+xml,application/xml;q=0.9,image/avif,image/webp,image/apng,*/*;q=0.8,application/signed-exchange;v=b3;q=0.7',
  'sec-fetch-site' => 'none',
  'sec-fetch-mode' => 'navigate',
  'sec-fetch-user' => '?1',
  'sec-fetch-dest' => 'document',
  'accept-encoding' => 'gzip, deflate, br, zstd',
  'accept-language' => 'zh-CN,zh;q=0.9,sq;q=0.8',
  'cookie' => '_ga=GA1.1.181191000.1701422393; sensorsdata2015jssdkcross=%7B%22distinct_id%22%3A%2218c24ad6add243-0700d7c1a2072a-296e4933-329160-18c24ad6ade548%22%2C%22first_id%22%3A%22%22%2C%22props%22%3A%7B%22%24latest_traffic_source_type%22%3A%22url%E7%9A%84domain%E8%A7%A3%E6%9E%90%E5%A4%B1%E8%B4%A5%22%2C%22%24latest_search_keyword%22%3A%22url%E7%9A%84domain%E8%A7%A3%E6%9E%90%E5%A4%B1%E8%B4%A5%22%2C%22%24latest_referrer%22%3A%22url%E7%9A%84domain%E8%A7%A3%E6%9E%90%E5%A4%B1%E8%B4%A5%22%7D%2C%22identities%22%3A%22eyIkaWRlbnRpdHlfY29va2llX2lkIjoiMThjMjRhZDZhZGQyNDMtMDcwMGQ3YzFhMjA3MmEtMjk2ZTQ5MzMtMzI5MTYwLTE4YzI0YWQ2YWRlNTQ4In0%3D%22%2C%22history_login_id%22%3A%7B%22name%22%3A%22%22%2C%22value%22%3A%22%22%7D%2C%22%24device_id%22%3A%2218c24ad6add243-0700d7c1a2072a-296e4933-329160-18c24ad6ade548%22%7D; __bid_n=18c0fece85060965bac076; evget-_zldp=wu40MeF28%2F9FkGY33FDeWqXYsSHgA7diI%2BI3bC8imgDH8STU%2BKjVbSce1CMH5BQTpRUK595EVd8%3D; Hm_lvt_22321c45e65e66bb8b19b0161e09bf22=1711939005; _ga_9N93WSJWZK=GS1.1.1712047582.5.1.1712047599.0.0.0',
)
[ info ] [ PARAM ] array (
)
[ info ] [ RUN ] app\index\controller\Index->index[ D:\software\phpstudy_pro\WWW\chengyuetp5\application\index\controller\Index.php ]
[ info ] [ DB ] INIT sqlsrv
[ info ] [ VIEW ] D:\software\phpstudy_pro\WWW\chengyuetp5\public/../application/index\view\index\index.html [ array (
  0 => 'result',
  1 => 'title',
  2 => 'keyword',
  3 => 'descrition',
) ]
[ info ] [ LOG ] INIT File
[ sql ] [ DB ] CONNECT:[ UseTime:0.000094s ] sqlsrv:Database=chengyue;Server=localhost,1433
[ sql ] [ SQL ] SELECT   column_name,   data_type,   column_default,   is_nullable
        FROM    information_schema.tables AS t
        JOIN    information_schema.columns AS c
        ON  t.table_catalog = c.table_catalog
        AND t.table_schema  = c.table_schema
        AND t.table_name    = c.table_name
        WHERE   t.table_name = 'UserInfo' [ RunTime:0.001144s ]
[ sql ] [ SQL ] SELECT column_name FROM information_schema.key_column_usage WHERE table_name='UserInfo' [ RunTime:0.000504s ]
[ sql ] [ SQL ] SELECT T1.* FROM (SELECT thinkphp.*, ROW_NUMBER() OVER ( ORDER BY rand()) AS ROW_NUMBER FROM (SELECT  * FROM [UserInfo]) AS thinkphp) AS T1 [ RunTime:0.000382s ]
---------------------------------------------------------------
[ 2024-04-07T15:50:00+08:00 ] 0.0.0.0 GET localhost:8888/
[运行时间：0.031319s] [吞吐率：31.93req/s] [内存消耗：2,525.74kb] [文件加载：40]
[ info ] [ LANG ] D:\software\phpstudy_pro\WWW\chengyuetp5\thinkphp\lang\zh-cn.php
[ info ] [ ROUTE ] array (
  'type' => 'module',
  'module' => 
  array (
    0 => '',
    1 => NULL,
    2 => NULL,
  ),
)
[ info ] [ HEADER ] array (
  'host' => 'localhost:8888',
  'connection' => 'keep-alive',
  'cache-control' => 'max-age=0',
  'sec-ch-ua' => '"Google Chrome";v="123", "Not:A-Brand";v="8", "Chromium";v="123"',
  'sec-ch-ua-mobile' => '?0',
  'sec-ch-ua-platform' => '"Windows"',
  'upgrade-insecure-requests' => '1',
  'user-agent' => 'Mozilla/5.0 (Windows NT 10.0; Win64; x64) AppleWebKit/537.36 (KHTML, like Gecko) Chrome/123.0.0.0 Safari/537.36',
  'accept' => 'text/html,application/xhtml+xml,application/xml;q=0.9,image/avif,image/webp,image/apng,*/*;q=0.8,application/signed-exchange;v=b3;q=0.7',
  'sec-fetch-site' => 'none',
  'sec-fetch-mode' => 'navigate',
  'sec-fetch-user' => '?1',
  'sec-fetch-dest' => 'document',
  'accept-encoding' => 'gzip, deflate, br, zstd',
  'accept-language' => 'zh-CN,zh;q=0.9,sq;q=0.8',
  'cookie' => '_ga=GA1.1.181191000.1701422393; sensorsdata2015jssdkcross=%7B%22distinct_id%22%3A%2218c24ad6add243-0700d7c1a2072a-296e4933-329160-18c24ad6ade548%22%2C%22first_id%22%3A%22%22%2C%22props%22%3A%7B%22%24latest_traffic_source_type%22%3A%22url%E7%9A%84domain%E8%A7%A3%E6%9E%90%E5%A4%B1%E8%B4%A5%22%2C%22%24latest_search_keyword%22%3A%22url%E7%9A%84domain%E8%A7%A3%E6%9E%90%E5%A4%B1%E8%B4%A5%22%2C%22%24latest_referrer%22%3A%22url%E7%9A%84domain%E8%A7%A3%E6%9E%90%E5%A4%B1%E8%B4%A5%22%7D%2C%22identities%22%3A%22eyIkaWRlbnRpdHlfY29va2llX2lkIjoiMThjMjRhZDZhZGQyNDMtMDcwMGQ3YzFhMjA3MmEtMjk2ZTQ5MzMtMzI5MTYwLTE4YzI0YWQ2YWRlNTQ4In0%3D%22%2C%22history_login_id%22%3A%7B%22name%22%3A%22%22%2C%22value%22%3A%22%22%7D%2C%22%24device_id%22%3A%2218c24ad6add243-0700d7c1a2072a-296e4933-329160-18c24ad6ade548%22%7D; __bid_n=18c0fece85060965bac076; evget-_zldp=wu40MeF28%2F9FkGY33FDeWqXYsSHgA7diI%2BI3bC8imgDH8STU%2BKjVbSce1CMH5BQTpRUK595EVd8%3D; Hm_lvt_22321c45e65e66bb8b19b0161e09bf22=1711939005; _ga_9N93WSJWZK=GS1.1.1712047582.5.1.1712047599.0.0.0',
)
[ info ] [ PARAM ] array (
)
[ info ] [ RUN ] app\index\controller\Index->index[ D:\software\phpstudy_pro\WWW\chengyuetp5\application\index\controller\Index.php ]
[ info ] [ DB ] INIT sqlsrv
[ info ] [ VIEW ] D:\software\phpstudy_pro\WWW\chengyuetp5\public/../application/index\view\index\index.html [ array (
  0 => 'result',
  1 => 'title',
  2 => 'keyword',
  3 => 'descrition',
) ]
[ info ] [ LOG ] INIT File
[ sql ] [ DB ] CONNECT:[ UseTime:0.000053s ] sqlsrv:Database=chengyue;Server=localhost,1433
[ sql ] [ SQL ] SELECT   column_name,   data_type,   column_default,   is_nullable
        FROM    information_schema.tables AS t
        JOIN    information_schema.columns AS c
        ON  t.table_catalog = c.table_catalog
        AND t.table_schema  = c.table_schema
        AND t.table_name    = c.table_name
        WHERE   t.table_name = 'UserInfo' [ RunTime:0.000446s ]
[ sql ] [ SQL ] SELECT column_name FROM information_schema.key_column_usage WHERE table_name='UserInfo' [ RunTime:0.000524s ]
[ sql ] [ SQL ] SELECT T1.* FROM (SELECT thinkphp.*, ROW_NUMBER() OVER ( ORDER BY rand()) AS ROW_NUMBER FROM (SELECT  * FROM [UserInfo]) AS thinkphp) AS T1 [ RunTime:0.000378s ]
---------------------------------------------------------------
[ 2024-04-07T15:50:15+08:00 ] 0.0.0.0 GET localhost:8888/
[运行时间：0.119732s] [吞吐率：8.35req/s] [内存消耗：2,699.36kb] [文件加载：42]
[ info ] [ LANG ] D:\software\phpstudy_pro\WWW\chengyuetp5\thinkphp\lang\zh-cn.php
[ info ] [ ROUTE ] array (
  'type' => 'module',
  'module' => 
  array (
    0 => '',
    1 => NULL,
    2 => NULL,
  ),
)
[ info ] [ HEADER ] array (
  'host' => 'localhost:8888',
  'connection' => 'keep-alive',
  'cache-control' => 'max-age=0',
  'sec-ch-ua' => '"Google Chrome";v="123", "Not:A-Brand";v="8", "Chromium";v="123"',
  'sec-ch-ua-mobile' => '?0',
  'sec-ch-ua-platform' => '"Windows"',
  'upgrade-insecure-requests' => '1',
  'user-agent' => 'Mozilla/5.0 (Windows NT 10.0; Win64; x64) AppleWebKit/537.36 (KHTML, like Gecko) Chrome/123.0.0.0 Safari/537.36',
  'accept' => 'text/html,application/xhtml+xml,application/xml;q=0.9,image/avif,image/webp,image/apng,*/*;q=0.8,application/signed-exchange;v=b3;q=0.7',
  'sec-fetch-site' => 'none',
  'sec-fetch-mode' => 'navigate',
  'sec-fetch-user' => '?1',
  'sec-fetch-dest' => 'document',
  'accept-encoding' => 'gzip, deflate, br, zstd',
  'accept-language' => 'zh-CN,zh;q=0.9,sq;q=0.8',
  'cookie' => '_ga=GA1.1.181191000.1701422393; sensorsdata2015jssdkcross=%7B%22distinct_id%22%3A%2218c24ad6add243-0700d7c1a2072a-296e4933-329160-18c24ad6ade548%22%2C%22first_id%22%3A%22%22%2C%22props%22%3A%7B%22%24latest_traffic_source_type%22%3A%22url%E7%9A%84domain%E8%A7%A3%E6%9E%90%E5%A4%B1%E8%B4%A5%22%2C%22%24latest_search_keyword%22%3A%22url%E7%9A%84domain%E8%A7%A3%E6%9E%90%E5%A4%B1%E8%B4%A5%22%2C%22%24latest_referrer%22%3A%22url%E7%9A%84domain%E8%A7%A3%E6%9E%90%E5%A4%B1%E8%B4%A5%22%7D%2C%22identities%22%3A%22eyIkaWRlbnRpdHlfY29va2llX2lkIjoiMThjMjRhZDZhZGQyNDMtMDcwMGQ3YzFhMjA3MmEtMjk2ZTQ5MzMtMzI5MTYwLTE4YzI0YWQ2YWRlNTQ4In0%3D%22%2C%22history_login_id%22%3A%7B%22name%22%3A%22%22%2C%22value%22%3A%22%22%7D%2C%22%24device_id%22%3A%2218c24ad6add243-0700d7c1a2072a-296e4933-329160-18c24ad6ade548%22%7D; __bid_n=18c0fece85060965bac076; evget-_zldp=wu40MeF28%2F9FkGY33FDeWqXYsSHgA7diI%2BI3bC8imgDH8STU%2BKjVbSce1CMH5BQTpRUK595EVd8%3D; Hm_lvt_22321c45e65e66bb8b19b0161e09bf22=1711939005; _ga_9N93WSJWZK=GS1.1.1712047582.5.1.1712047599.0.0.0',
)
[ info ] [ PARAM ] array (
)
[ info ] [ RUN ] app\index\controller\Index->index[ D:\software\phpstudy_pro\WWW\chengyuetp5\application\index\controller\Index.php ]
[ info ] [ DB ] INIT sqlsrv
[ info ] [ VIEW ] D:\software\phpstudy_pro\WWW\chengyuetp5\public/../application/index\view\index\index.html [ array (
  0 => 'result',
  1 => 'title',
  2 => 'keyword',
  3 => 'descrition',
) ]
[ info ] [ LOG ] INIT File
[ sql ] [ DB ] CONNECT:[ UseTime:0.000052s ] sqlsrv:Database=chengyue;Server=localhost,1433
[ sql ] [ SQL ] SELECT   column_name,   data_type,   column_default,   is_nullable
        FROM    information_schema.tables AS t
        JOIN    information_schema.columns AS c
        ON  t.table_catalog = c.table_catalog
        AND t.table_schema  = c.table_schema
        AND t.table_name    = c.table_name
        WHERE   t.table_name = 'UserInfo' [ RunTime:0.024949s ]
[ sql ] [ SQL ] SELECT column_name FROM information_schema.key_column_usage WHERE table_name='UserInfo' [ RunTime:0.076366s ]
[ sql ] [ SQL ] SELECT T1.* FROM (SELECT thinkphp.*, ROW_NUMBER() OVER ( ORDER BY rand()) AS ROW_NUMBER FROM (SELECT  * FROM [UserInfo]) AS thinkphp) AS T1 [ RunTime:0.000847s ]
---------------------------------------------------------------
[ 2024-04-07T15:53:04+08:00 ] 0.0.0.0 GET localhost:8888/
[运行时间：0.097207s] [吞吐率：10.29req/s] [内存消耗：2,699.99kb] [文件加载：42]
[ info ] [ LANG ] D:\software\phpstudy_pro\WWW\chengyuetp5\thinkphp\lang\zh-cn.php
[ info ] [ ROUTE ] array (
  'type' => 'module',
  'module' => 
  array (
    0 => '',
    1 => NULL,
    2 => NULL,
  ),
)
[ info ] [ HEADER ] array (
  'host' => 'localhost:8888',
  'connection' => 'keep-alive',
  'pragma' => 'no-cache',
  'cache-control' => 'no-cache',
  'sec-ch-ua' => '"Google Chrome";v="123", "Not:A-Brand";v="8", "Chromium";v="123"',
  'sec-ch-ua-mobile' => '?0',
  'sec-ch-ua-platform' => '"Windows"',
  'upgrade-insecure-requests' => '1',
  'user-agent' => 'Mozilla/5.0 (Windows NT 10.0; Win64; x64) AppleWebKit/537.36 (KHTML, like Gecko) Chrome/123.0.0.0 Safari/537.36',
  'accept' => 'text/html,application/xhtml+xml,application/xml;q=0.9,image/avif,image/webp,image/apng,*/*;q=0.8,application/signed-exchange;v=b3;q=0.7',
  'sec-fetch-site' => 'none',
  'sec-fetch-mode' => 'navigate',
  'sec-fetch-user' => '?1',
  'sec-fetch-dest' => 'document',
  'accept-encoding' => 'gzip, deflate, br, zstd',
  'accept-language' => 'zh-CN,zh;q=0.9,sq;q=0.8',
  'cookie' => '_ga=GA1.1.181191000.1701422393; sensorsdata2015jssdkcross=%7B%22distinct_id%22%3A%2218c24ad6add243-0700d7c1a2072a-296e4933-329160-18c24ad6ade548%22%2C%22first_id%22%3A%22%22%2C%22props%22%3A%7B%22%24latest_traffic_source_type%22%3A%22url%E7%9A%84domain%E8%A7%A3%E6%9E%90%E5%A4%B1%E8%B4%A5%22%2C%22%24latest_search_keyword%22%3A%22url%E7%9A%84domain%E8%A7%A3%E6%9E%90%E5%A4%B1%E8%B4%A5%22%2C%22%24latest_referrer%22%3A%22url%E7%9A%84domain%E8%A7%A3%E6%9E%90%E5%A4%B1%E8%B4%A5%22%7D%2C%22identities%22%3A%22eyIkaWRlbnRpdHlfY29va2llX2lkIjoiMThjMjRhZDZhZGQyNDMtMDcwMGQ3YzFhMjA3MmEtMjk2ZTQ5MzMtMzI5MTYwLTE4YzI0YWQ2YWRlNTQ4In0%3D%22%2C%22history_login_id%22%3A%7B%22name%22%3A%22%22%2C%22value%22%3A%22%22%7D%2C%22%24device_id%22%3A%2218c24ad6add243-0700d7c1a2072a-296e4933-329160-18c24ad6ade548%22%7D; __bid_n=18c0fece85060965bac076; evget-_zldp=wu40MeF28%2F9FkGY33FDeWqXYsSHgA7diI%2BI3bC8imgDH8STU%2BKjVbSce1CMH5BQTpRUK595EVd8%3D; Hm_lvt_22321c45e65e66bb8b19b0161e09bf22=1711939005; _ga_9N93WSJWZK=GS1.1.1712047582.5.1.1712047599.0.0.0',
)
[ info ] [ PARAM ] array (
)
[ info ] [ RUN ] app\index\controller\Index->index[ D:\software\phpstudy_pro\WWW\chengyuetp5\application\index\controller\Index.php ]
[ info ] [ DB ] INIT sqlsrv
[ info ] [ VIEW ] D:\software\phpstudy_pro\WWW\chengyuetp5\public/../application/index\view\index\index.html [ array (
  0 => 'result',
  1 => 'title',
  2 => 'keyword',
  3 => 'descrition',
) ]
[ info ] [ LOG ] INIT File
[ sql ] [ DB ] CONNECT:[ UseTime:0.007223s ] sqlsrv:Database=chengyue;Server=localhost,1433
[ sql ] [ SQL ] SELECT   column_name,   data_type,   column_default,   is_nullable
        FROM    information_schema.tables AS t
        JOIN    information_schema.columns AS c
        ON  t.table_catalog = c.table_catalog
        AND t.table_schema  = c.table_schema
        AND t.table_name    = c.table_name
        WHERE   t.table_name = 'UserInfo' [ RunTime:0.025367s ]
[ sql ] [ SQL ] SELECT column_name FROM information_schema.key_column_usage WHERE table_name='UserInfo' [ RunTime:0.044101s ]
[ sql ] [ SQL ] SELECT T1.* FROM (SELECT thinkphp.*, ROW_NUMBER() OVER ( ORDER BY rand()) AS ROW_NUMBER FROM (SELECT  * FROM [UserInfo]) AS thinkphp) AS T1 [ RunTime:0.000838s ]
